"../../../Engine/Content/EditorResources/S_Actor.ubulk" 0
"../../../Engine/Content/EditorResources/S_Actor.uasset" 1
"../../../Engine/Content/EditorResources/S_Actor.uexp" 2
"../../../Engine/Content/EditorResources/S_BoxReflectionCapture.uasset" 3
"../../../Engine/Content/EditorResources/S_BoxReflectionCapture.uexp" 4
"../../../Engine/Content/EngineResources/DefaultTexture.ubulk" 5
"../../../Engine/Content/EngineResources/DefaultTexture.uasset" 6
"../../../Engine/Content/EngineResources/DefaultTexture.uexp" 7
"../../../Engine/Content/EngineResources/DefaultTextureCube.uasset" 8
"../../../Engine/Content/EngineResources/DefaultTextureCube.uexp" 9
"../../../Engine/Content/EngineResources/DefaultVolumeTexture2D.uasset" 10
"../../../Engine/Content/EngineResources/DefaultVolumeTexture2D.uexp" 11
"../../../Engine/Content/EngineResources/DefaultVolumeTexture.uasset" 12
"../../../Engine/Content/EngineResources/DefaultVolumeTexture.uexp" 13
"../../../Engine/Content/EditorResources/S_Trigger.ubulk" 14
"../../../Engine/Content/EditorResources/S_Trigger.uasset" 15
"../../../Engine/Content/EditorResources/S_Trigger.uexp" 16
"../../../Engine/Content/EditorResources/S_TriggerBox.uasset" 17
"../../../Engine/Content/EditorResources/S_TriggerBox.uexp" 18
"../../../Engine/Content/EditorResources/S_TriggerCapsule.uasset" 19
"../../../Engine/Content/EditorResources/S_TriggerCapsule.uexp" 20
"../../../Engine/Content/EditorResources/S_TriggerSphere.uasset" 21
"../../../Engine/Content/EditorResources/S_TriggerSphere.uexp" 22
"../../../Engine/Content/EngineMeshes/Sphere.ubulk" 23
"../../../Engine/Content/EngineMeshes/Sphere.uasset" 24
"../../../Engine/Content/EngineMeshes/Sphere.uexp" 25
"../../../Engine/Content/EngineResources/GradientTexture0.uasset" 26
"../../../Engine/Content/EngineResources/GradientTexture0.uexp" 27
"../../../Engine/Content/EngineResources/Black.uasset" 28
"../../../Engine/Content/EngineResources/Black.uexp" 29
"../../../Engine/Content/VREditor/LaserPointer/VR_LaserPower_01.ubulk" 30
"../../../Engine/Content/VREditor/LaserPointer/VR_LaserPower_01.uasset" 31
"../../../Engine/Content/VREditor/LaserPointer/VR_LaserPower_01.uexp" 32
"../../../Engine/Content/VREditor/TransformGizmo/TransformGizmoMaterial.uasset" 33
"../../../Engine/Content/VREditor/TransformGizmo/TransformGizmoMaterial.uexp" 34
"../../../Engine/Content/VREditor/TransformGizmo/TranslucentTransformGizmoMaterial.uasset" 35
"../../../Engine/Content/VREditor/TransformGizmo/TranslucentTransformGizmoMaterial.uexp" 36
"../../../Engine/Content/VREditor/TransformGizmo/PlaneTranslationHandle.ubulk" 37
"../../../Engine/Content/VREditor/TransformGizmo/PlaneTranslationHandle.uasset" 38
"../../../Engine/Content/VREditor/TransformGizmo/PlaneTranslationHandle.uexp" 39
"../../../Engine/Content/VREditor/TransformGizmo/BoundingBoxCorner.ubulk" 40
"../../../Engine/Content/VREditor/TransformGizmo/BoundingBoxCorner.uasset" 41
"../../../Engine/Content/VREditor/TransformGizmo/BoundingBoxCorner.uexp" 42
"../../../Engine/Content/VREditor/TransformGizmo/BoundingBoxEdge.ubulk" 43
"../../../Engine/Content/VREditor/TransformGizmo/BoundingBoxEdge.uasset" 44
"../../../Engine/Content/VREditor/TransformGizmo/BoundingBoxEdge.uexp" 45
"../../../Engine/Content/VREditor/TransformGizmo/Main.uasset" 46
"../../../Engine/Content/VREditor/TransformGizmo/Main.uexp" 47
"../../../Engine/Content/VREditor/TransformGizmo/Xray.uasset" 48
"../../../Engine/Content/VREditor/TransformGizmo/Xray.uexp" 49
"../../../Engine/Content/VREditor/TransformGizmo/SM_Sequencer_Node.ubulk" 50
"../../../Engine/Content/VREditor/TransformGizmo/SM_Sequencer_Node.uasset" 51
"../../../Engine/Content/VREditor/TransformGizmo/SM_Sequencer_Node.uexp" 52
"../../../Engine/Content/EditorMaterials/Camera/CineMat.uasset" 53
"../../../Engine/Content/EditorMaterials/Camera/CineMat.uexp" 54
"../../../Engine/Content/EditorMaterials/Camera/MI_CineMat_Rig.uasset" 55
"../../../Engine/Content/EditorMaterials/Camera/MI_CineMat_Rig.uexp" 56
"../../../Engine/Content/EditorMeshes/Camera/SM_CraneRig_Base.ubulk" 57
"../../../Engine/Content/EditorMeshes/Camera/SM_CraneRig_Base.uasset" 58
"../../../Engine/Content/EditorMeshes/Camera/SM_CraneRig_Base.uexp" 59
"../../../Engine/Content/EditorMeshes/Camera/SM_CraneRig_Arm.ubulk" 60
"../../../Engine/Content/EditorMeshes/Camera/SM_CraneRig_Arm.uasset" 61
"../../../Engine/Content/EditorMeshes/Camera/SM_CraneRig_Arm.uexp" 62
"../../../Engine/Content/EditorMeshes/Camera/SM_CraneRig_Mount.ubulk" 63
"../../../Engine/Content/EditorMeshes/Camera/SM_CraneRig_Mount.uasset" 64
"../../../Engine/Content/EditorMeshes/Camera/SM_CraneRig_Mount.uexp" 65
"../../../Engine/Content/EditorMeshes/Camera/SM_CraneRig_Body.ubulk" 66
"../../../Engine/Content/EditorMeshes/Camera/SM_CraneRig_Body.uasset" 67
"../../../Engine/Content/EditorMeshes/Camera/SM_CraneRig_Body.uexp" 68
"../../../Engine/Content/EditorMeshes/Camera/SM_RailRig_Track.ubulk" 69
"../../../Engine/Content/EditorMeshes/Camera/SM_RailRig_Track.uasset" 70
"../../../Engine/Content/EditorMeshes/Camera/SM_RailRig_Track.uexp" 71
"../../../Engine/Content/EditorMeshes/Camera/SM_RailRig_Mount.ubulk" 72
"../../../Engine/Content/EditorMeshes/Camera/SM_RailRig_Mount.uasset" 73
"../../../Engine/Content/EditorMeshes/Camera/SM_RailRig_Mount.uexp" 74
"../../../Engine/Content/EngineMaterials/T_Default_Material_Grid_M.ubulk" 75
"../../../Engine/Content/EngineMaterials/T_Default_Material_Grid_M.uasset" 76
"../../../Engine/Content/EngineMaterials/T_Default_Material_Grid_M.uexp" 77
"../../../Engine/Content/EngineMaterials/T_Default_Material_Grid_N.ubulk" 78
"../../../Engine/Content/EngineMaterials/T_Default_Material_Grid_N.uasset" 79
"../../../Engine/Content/EngineMaterials/T_Default_Material_Grid_N.uexp" 80
"../../../Engine/Content/Functions/Engine_MaterialFunctions01/Opacity/CameraDepthFade.uasset" 81
"../../../Engine/Content/Functions/Engine_MaterialFunctions01/Opacity/CameraDepthFade.uexp" 82
"../../../Engine/Content/EngineMaterials/WorldGridMaterial.uasset" 83
"../../../Engine/Content/EngineMaterials/WorldGridMaterial.uexp" 84
"../../../Engine/Content/ArtTools/RenderToTexture/Meshes/S_1_Unit_Plane.ubulk" 85
"../../../Engine/Content/ArtTools/RenderToTexture/Meshes/S_1_Unit_Plane.uasset" 86
"../../../Engine/Content/ArtTools/RenderToTexture/Meshes/S_1_Unit_Plane.uexp" 87
"../../../Engine/Content/EditorMaterials/ParticleSystems/PSysThumbnail_NoImage.ubulk" 88
"../../../Engine/Content/EditorMaterials/ParticleSystems/PSysThumbnail_NoImage.uasset" 89
"../../../Engine/Content/EditorMaterials/ParticleSystems/PSysThumbnail_NoImage.uexp" 90
"../../../Engine/Content/EditorMaterials/ParticleSystems/PSysThumbnail_OOD.ubulk" 91
"../../../Engine/Content/EditorMaterials/ParticleSystems/PSysThumbnail_OOD.uasset" 92
"../../../Engine/Content/EditorMaterials/ParticleSystems/PSysThumbnail_OOD.uexp" 93
"../../../Engine/Content/EditorLandscapeResources/SplineEditorMeshMat.uasset" 94
"../../../Engine/Content/EditorLandscapeResources/SplineEditorMeshMat.uexp" 95
"../../../Engine/Content/EditorLandscapeResources/SplineEditorMesh.ubulk" 96
"../../../Engine/Content/EditorLandscapeResources/SplineEditorMesh.uasset" 97
"../../../Engine/Content/EditorLandscapeResources/SplineEditorMesh.uexp" 98
"../../../Engine/Content/EditorMeshes/EditorSphere.ubulk" 99
"../../../Engine/Content/EditorMeshes/EditorSphere.uasset" 100
"../../../Engine/Content/EditorMeshes/EditorSphere.uexp" 101
"../../../Engine/Content/EditorResources/S_Solver.ubulk" 102
"../../../Engine/Content/EditorResources/S_Solver.uasset" 103
"../../../Engine/Content/EditorResources/S_Solver.uexp" 104
"../../../Engine/Plugins/Media/MediaPlate/Content/SM_MediaPlateScreen.ubulk" 105
"../../../Engine/Plugins/Media/MediaPlate/Content/SM_MediaPlateScreen.uasset" 106
"../../../Engine/Plugins/Media/MediaPlate/Content/SM_MediaPlateScreen.uexp" 107
"../../../Engine/Content/EngineMaterials/Good64x64TilingNoiseHighFreq.uasset" 108
"../../../Engine/Content/EngineMaterials/Good64x64TilingNoiseHighFreq.uexp" 109
"../../../Engine/Content/EngineMaterials/DefaultBokeh.uasset" 110
"../../../Engine/Content/EngineMaterials/DefaultBokeh.uexp" 111
"../../../Engine/Content/EngineMaterials/PreintegratedSkinBRDF.uasset" 112
"../../../Engine/Content/EngineMaterials/PreintegratedSkinBRDF.uexp" 113
"../../../Engine/Content/EngineMaterials/MiniFont.uasset" 114
"../../../Engine/Content/EngineMaterials/MiniFont.uexp" 115
"../../../Engine/Content/EngineMaterials/WeightMapPlaceholderTexture.uasset" 116
"../../../Engine/Content/EngineMaterials/WeightMapPlaceholderTexture.uexp" 117
"../../../Engine/Content/EngineMaterials/DefaultWhiteGrid.ubulk" 118
"../../../Engine/Content/EngineMaterials/DefaultWhiteGrid.uasset" 119
"../../../Engine/Content/EngineMaterials/DefaultWhiteGrid.uexp" 120
"../../../Engine/Content/Animation/DefaultRecorderBoneCompression.uasset" 121
"../../../Engine/Content/Animation/DefaultRecorderBoneCompression.uexp" 122
"../../../Engine/Content/Animation/DefaultAnimCurveCompressionSettings.uasset" 123
"../../../Engine/Content/Animation/DefaultAnimCurveCompressionSettings.uexp" 124
"../../../Engine/Content/Animation/DefaultAnimBoneCompressionSettings.uasset" 125
"../../../Engine/Content/Animation/DefaultAnimBoneCompressionSettings.uexp" 126
"../../../Engine/Content/EngineMaterials/DefaultMaterial.uasset" 127
"../../../Engine/Content/EngineMaterials/DefaultMaterial.uexp" 128
"../../../Engine/Content/BasicShapes/Sphere.ubulk" 129
"../../../Engine/Content/BasicShapes/Sphere.uasset" 130
"../../../Engine/Content/BasicShapes/Sphere.uexp" 131
"../../../Engine/Content/BasicShapes/Plane.ubulk" 132
"../../../Engine/Content/BasicShapes/Plane.uasset" 133
"../../../Engine/Content/BasicShapes/Plane.uexp" 134
"../../../Engine/Content/BasicShapes/Cylinder.ubulk" 135
"../../../Engine/Content/BasicShapes/Cylinder.uasset" 136
"../../../Engine/Content/BasicShapes/Cylinder.uexp" 137
"../../../Engine/Content/BasicShapes/Cone.ubulk" 138
"../../../Engine/Content/BasicShapes/Cone.uasset" 139
"../../../Engine/Content/BasicShapes/Cone.uexp" 140
"../../../Engine/Content/EditorLandscapeResources/DefaultAlphaTexture.uasset" 141
"../../../Engine/Content/EditorLandscapeResources/DefaultAlphaTexture.uexp" 142
"../../../Engine/Content/EditorLandscapeResources/DataLayer.uasset" 143
"../../../Engine/Content/EditorLandscapeResources/DataLayer.uexp" 144
"../../../Engine/Content/EditorMaterials/PreviewShadowIndicator.ubulk" 145
"../../../Engine/Content/EditorMaterials/PreviewShadowIndicator.uasset" 146
"../../../Engine/Content/EditorMaterials/PreviewShadowIndicator.uexp" 147
"../../../Engine/Content/EditorMaterials/PreviewShadowIndicatorMaterial.uasset" 148
"../../../Engine/Content/EditorMaterials/PreviewShadowIndicatorMaterial.uexp" 149
"../../../Engine/Content/EditorMaterials/PhAT_UnselectedMaterial.uasset" 150
"../../../Engine/Content/EditorMaterials/PhAT_UnselectedMaterial.uexp" 151
"../../../Engine/Content/EditorMaterials/PhAT_NoCollisionMaterial.uasset" 152
"../../../Engine/Content/EditorMaterials/PhAT_NoCollisionMaterial.uexp" 153
"../../../Engine/Content/Functions/Engine_MaterialFunctions02/Utility/MakeFloat4.uasset" 154
"../../../Engine/Content/Functions/Engine_MaterialFunctions02/Utility/MakeFloat4.uexp" 155
"../../../Engine/Content/Functions/Engine_MaterialFunctions02/Utility/MakeFloat3.uasset" 156
"../../../Engine/Content/Functions/Engine_MaterialFunctions02/Utility/MakeFloat3.uexp" 157
"../../../Engine/Content/Functions/Engine_MaterialFunctions02/Utility/BreakOutFloat3Components.uasset" 158
"../../../Engine/Content/Functions/Engine_MaterialFunctions02/Utility/BreakOutFloat3Components.uexp" 159
"../../../Engine/Content/EditorMaterials/WorldPartition/WorldPartitionSpatialHashGridPreviewMaterial.uasset" 160
"../../../Engine/Content/EditorMaterials/WorldPartition/WorldPartitionSpatialHashGridPreviewMaterial.uexp" 161
"../../../Engine/Content/EditorResources/S_Terrain.ubulk" 162
"../../../Engine/Content/EditorResources/S_Terrain.uasset" 163
"../../../Engine/Content/EditorResources/S_Terrain.uexp" 164
"../../../Engine/Plugins/Runtime/MeshModelingToolset/Content/Materials/M_DynamicMeshComponentVtxColor.uasset" 165
"../../../Engine/Plugins/Runtime/MeshModelingToolset/Content/Materials/M_DynamicMeshComponentVtxColor.uexp" 166
"../../../Engine/Content/EditorResources/EmptyActor.uasset" 167
"../../../Engine/Content/EditorResources/EmptyActor.uexp" 168
"../../../Engine/Content/EditorResources/BSPVertex.uasset" 169
"../../../Engine/Content/EditorResources/BSPVertex.uexp" 170
"../../../Engine/Content/EditorResources/AudioIcons/S_AudioComponent_AutoActivate.uasset" 171
"../../../Engine/Content/EditorResources/AudioIcons/S_AudioComponent_AutoActivate.uexp" 172
"../../../Engine/Content/EditorResources/SequenceRecorder/RecordingIndicator.uasset" 173
"../../../Engine/Content/EditorResources/SequenceRecorder/RecordingIndicator.uexp" 174
"../../../Engine/Content/EditorResources/SequenceRecorder/Countdown.uasset" 175
"../../../Engine/Content/EditorResources/SequenceRecorder/Countdown.uexp" 176
"../../../Engine/Content/EngineDamageTypes/DmgTypeBP_Environmental.uasset" 177
"../../../Engine/Content/EngineDamageTypes/DmgTypeBP_Environmental.uexp" 178
"../../../Engine/Content/Functions/Engine_MaterialFunctions02/Utility/CameraDirectionVector.uasset" 179
"../../../Engine/Content/Functions/Engine_MaterialFunctions02/Utility/CameraDirectionVector.uexp" 180
"../../../Engine/Content/EngineDebugMaterials/VolumeToRender.uasset" 181
"../../../Engine/Content/EngineDebugMaterials/VolumeToRender.uexp" 182
"../../../Engine/Content/EngineDebugMaterials/M_VolumeRenderSphereTracePP.uasset" 183
"../../../Engine/Content/EngineDebugMaterials/M_VolumeRenderSphereTracePP.uexp" 184
"../../../Engine/Content/EngineDebugMaterials/M_SimpleUnlitTranslucent.uasset" 185
"../../../Engine/Content/EngineDebugMaterials/M_SimpleUnlitTranslucent.uexp" 186
"../../../Engine/Content/EngineDebugMaterials/DebugMeshMaterial.uasset" 187
"../../../Engine/Content/EngineDebugMaterials/DebugMeshMaterial.uexp" 188
"../../../Engine/Content/EngineDebugMaterials/DebugEditorMaterial.uasset" 189
"../../../Engine/Content/EngineDebugMaterials/DebugEditorMaterial.uexp" 190
"../../../Engine/Content/EngineFonts/Faces/RobotoLight.uexp" 191
"../../../Engine/Content/EngineFonts/Faces/RobotoLight.uasset" 192
"../../../Engine/Content/EngineFonts/Faces/RobotoLight.ufont" 193
"../../../Engine/Content/EngineFonts/Faces/RobotoBold.uexp" 194
"../../../Engine/Content/EngineFonts/Faces/RobotoBold.uasset" 195
"../../../Engine/Content/EngineFonts/Faces/RobotoBold.ufont" 196
"../../../Engine/Content/EngineFonts/Faces/RobotoRegular.uexp" 197
"../../../Engine/Content/EngineFonts/Faces/RobotoRegular.uasset" 198
"../../../Engine/Content/EngineFonts/Faces/RobotoRegular.ufont" 199
"../../../Engine/Content/EngineFonts/Faces/DroidSansFallback.uexp" 200
"../../../Engine/Content/EngineFonts/Faces/DroidSansFallback.uasset" 201
"../../../Engine/Content/EngineFonts/Faces/DroidSansFallback.ufont" 202
"../../../Engine/Content/EngineFonts/Faces/RobotoItalic.uexp" 203
"../../../Engine/Content/EngineFonts/Faces/RobotoItalic.uasset" 204
"../../../Engine/Content/EngineFonts/Faces/RobotoItalic.ufont" 205
"../../../Engine/Content/EngineFonts/Faces/RobotoBoldItalic.uexp" 206
"../../../Engine/Content/EngineFonts/Faces/RobotoBoldItalic.uasset" 207
"../../../Engine/Content/EngineFonts/Faces/RobotoBoldItalic.ufont" 208
"../../../Engine/Content/EngineFonts/Roboto.uasset" 209
"../../../Engine/Content/EngineFonts/Roboto.uexp" 210
"../../../Engine/Content/EngineResources/WhiteSquareTexture.uasset" 211
"../../../Engine/Content/EngineResources/WhiteSquareTexture.uexp" 212
"../../../Engine/Content/EngineMaterials/Widget3DPassThrough.uasset" 213
"../../../Engine/Content/EngineMaterials/Widget3DPassThrough.uexp" 214
"../../../Engine/Content/EngineMaterials/Widget3DPassThrough_Translucent.uasset" 215
"../../../Engine/Content/EngineMaterials/Widget3DPassThrough_Translucent.uexp" 216
"../../../Engine/Content/EngineMaterials/Widget3DPassThrough_Translucent_OneSided.uasset" 217
"../../../Engine/Content/EngineMaterials/Widget3DPassThrough_Translucent_OneSided.uexp" 218
"../../../Engine/Content/EngineMaterials/Widget3DPassThrough_Opaque.uasset" 219
"../../../Engine/Content/EngineMaterials/Widget3DPassThrough_Opaque.uexp" 220
"../../../Engine/Content/EngineMaterials/Widget3DPassThrough_Opaque_OneSided.uasset" 221
"../../../Engine/Content/EngineMaterials/Widget3DPassThrough_Opaque_OneSided.uexp" 222
"../../../Engine/Content/EngineMaterials/Widget3DPassThrough_Masked_OneSided.uasset" 223
"../../../Engine/Content/EngineMaterials/Widget3DPassThrough_Masked_OneSided.uexp" 224
"../../../Engine/Content/EngineMaterials/Widget3DPassThrough_Masked.uasset" 225
"../../../Engine/Content/EngineMaterials/Widget3DPassThrough_Masked.uexp" 226
"../../../Engine/Content/EngineMaterials/STBlueNoise_vec2_128x128x64.uasset" 227
"../../../Engine/Content/EngineMaterials/STBlueNoise_vec2_128x128x64.uexp" 228
"../../../Engine/Content/EngineMaterials/STBlueNoise_scalar_128x128x64.uasset" 229
"../../../Engine/Content/EngineMaterials/STBlueNoise_scalar_128x128x64.uexp" 230
"../../../Engine/Content/EngineMaterials/RemoveSurfaceMaterial.uasset" 231
"../../../Engine/Content/EngineMaterials/RemoveSurfaceMaterial.uexp" 232
"../../../Engine/Content/EngineMaterials/DefaultCalibrationGrayscale.uasset" 233
"../../../Engine/Content/EngineMaterials/DefaultCalibrationGrayscale.uexp" 234
"../../../Engine/Content/EngineMaterials/PPM_DefaultCalibrationGrayscale.uasset" 235
"../../../Engine/Content/EngineMaterials/PPM_DefaultCalibrationGrayscale.uexp" 236
"../../../Engine/Content/EngineMaterials/DefaultCalibrationColor.uasset" 237
"../../../Engine/Content/EngineMaterials/DefaultCalibrationColor.uexp" 238
"../../../Engine/Content/EngineMaterials/PPM_DefaultCalibrationColor.uasset" 239
"../../../Engine/Content/EngineMaterials/PPM_DefaultCalibrationColor.uexp" 240
"../../../Engine/Content/Functions/Engine_MaterialFunctions02/WorldPositionOffset/CameraOffset.uasset" 241
"../../../Engine/Content/Functions/Engine_MaterialFunctions02/WorldPositionOffset/CameraOffset.uexp" 242
"../../../Engine/Content/EngineMaterials/PhAT_JointLimitMaterial.uasset" 243
"../../../Engine/Content/EngineMaterials/PhAT_JointLimitMaterial.uexp" 244
"../../../Engine/Content/EngineMaterials/InvalidLightmapSettings.ubulk" 245
"../../../Engine/Content/EngineMaterials/InvalidLightmapSettings.uasset" 246
"../../../Engine/Content/EngineMaterials/InvalidLightmapSettings.uexp" 247
"../../../Engine/Content/EngineMaterials/M_InvalidLightmapSettings.uasset" 248
"../../../Engine/Content/EngineMaterials/M_InvalidLightmapSettings.uexp" 249
"../../../Engine/Content/EngineMaterials/GizmoMaterial.uasset" 250
"../../../Engine/Content/EngineMaterials/GizmoMaterial.uexp" 251
"../../../Engine/Content/EngineMaterials/BaseFlattenEmissiveMap_VT.uasset" 252
"../../../Engine/Content/EngineMaterials/BaseFlattenEmissiveMap_VT.uexp" 253
"../../../Engine/Content/EngineMaterials/BaseFlattenGrayscaleMap_VT.uasset" 254
"../../../Engine/Content/EngineMaterials/BaseFlattenGrayscaleMap_VT.uexp" 255
"../../../Engine/Content/EngineMaterials/BaseFlattenLinearColor_VT.uasset" 256
"../../../Engine/Content/EngineMaterials/BaseFlattenLinearColor_VT.uexp" 257
"../../../Engine/Content/EngineMaterials/Black_1x1_EXR_Texture_VT.uasset" 258
"../../../Engine/Content/EngineMaterials/Black_1x1_EXR_Texture_VT.uexp" 259
"../../../Engine/Content/EngineMaterials/BaseFlattenDiffuseMap_VT.uasset" 260
"../../../Engine/Content/EngineMaterials/BaseFlattenDiffuseMap_VT.uexp" 261
"../../../Engine/Content/EngineMaterials/BaseFlattenNormalMap_VT.uasset" 262
"../../../Engine/Content/EngineMaterials/BaseFlattenNormalMap_VT.uexp" 263
"../../../Engine/Content/EngineMaterials/FlattenMaterial_WS_Normal_VT.uasset" 264
"../../../Engine/Content/EngineMaterials/FlattenMaterial_WS_Normal_VT.uexp" 265
"../../../Engine/Content/EngineMaterials/FlattenMaterial_VT.uasset" 266
"../../../Engine/Content/EngineMaterials/FlattenMaterial_VT.uexp" 267
"../../../Engine/Content/EngineMaterials/BaseFlattenNormalMap.uasset" 268
"../../../Engine/Content/EngineMaterials/BaseFlattenNormalMap.uexp" 269
"../../../Engine/Content/EngineMaterials/BaseFlattenGrayscaleMap.uasset" 270
"../../../Engine/Content/EngineMaterials/BaseFlattenGrayscaleMap.uexp" 271
"../../../Engine/Content/EngineMaterials/BaseFlattenDiffuseMap.uasset" 272
"../../../Engine/Content/EngineMaterials/BaseFlattenDiffuseMap.uexp" 273
"../../../Engine/Content/Functions/Engine_MaterialFunctions02/PivotPainter2/Black_1x1_EXR_Texture.uasset" 274
"../../../Engine/Content/Functions/Engine_MaterialFunctions02/PivotPainter2/Black_1x1_EXR_Texture.uexp" 275
"../../../Engine/Content/EngineMaterials/BaseFlattenEmissiveMap.uasset" 276
"../../../Engine/Content/EngineMaterials/BaseFlattenEmissiveMap.uexp" 277
"../../../Engine/Content/EngineMaterials/BaseFlattenLinearColor.uasset" 278
"../../../Engine/Content/EngineMaterials/BaseFlattenLinearColor.uexp" 279
"../../../Engine/Content/EngineMaterials/FlattenMaterial.uasset" 280
"../../../Engine/Content/EngineMaterials/FlattenMaterial.uexp" 281
"../../../Engine/Content/EngineMaterials/DefaultWhiteGrid_Low.uasset" 282
"../../../Engine/Content/EngineMaterials/DefaultWhiteGrid_Low.uexp" 283
"../../../Engine/Content/EngineMaterials/EmissiveMeshMaterial.uasset" 284
"../../../Engine/Content/EngineMaterials/EmissiveMeshMaterial.uexp" 285
"../../../Engine/Content/EngineFonts/RobotoDistanceField.uasset" 286
"../../../Engine/Content/EngineFonts/RobotoDistanceField.uexp" 287
"../../../Engine/Content/EngineMaterials/DefaultTextMaterialOpaque.uasset" 288
"../../../Engine/Content/EngineMaterials/DefaultTextMaterialOpaque.uexp" 289
"../../../Engine/Content/EngineMaterials/DefaultDiffuse.ubulk" 290
"../../../Engine/Content/EngineMaterials/DefaultDiffuse.uasset" 291
"../../../Engine/Content/EngineMaterials/DefaultDiffuse.uexp" 292
"../../../Engine/Content/Functions/Engine_MaterialFunctions02/Utility/BreakOutFloat2Components.uasset" 293
"../../../Engine/Content/Functions/Engine_MaterialFunctions02/Utility/BreakOutFloat2Components.uexp" 294
"../../../Engine/Content/EngineMaterials/DefaultPostProcessMaterial.uasset" 295
"../../../Engine/Content/EngineMaterials/DefaultPostProcessMaterial.uexp" 296
"../../../Engine/Content/EngineMaterials/DefaultPhysicalMaterial.uasset" 297
"../../../Engine/Content/EngineMaterials/DefaultPhysicalMaterial.uexp" 298
"../../../Engine/Content/EngineMaterials/DefaultLightFunctionMaterial.uasset" 299
"../../../Engine/Content/EngineMaterials/DefaultLightFunctionMaterial.uexp" 300
"../../../Engine/Content/EngineMaterials/DefaultDestructiblePhysicalMaterial.uasset" 301
"../../../Engine/Content/EngineMaterials/DefaultDestructiblePhysicalMaterial.uexp" 302
"../../../Engine/Content/EngineMaterials/DefaultDeferredDecalMaterial.uasset" 303
"../../../Engine/Content/EngineMaterials/DefaultDeferredDecalMaterial.uexp" 304
"../../../Engine/Content/EngineMaterials/DefaultBloomKernel.uasset" 305
"../../../Engine/Content/EngineMaterials/DefaultBloomKernel.uexp" 306
"C:/Users/theme/OneDrive/Documentos/Unreal Projects/SpaceHarvest/Content/Sounds/Hit_Hurt2.ubulk" 307
"C:/Users/theme/OneDrive/Documentos/Unreal Projects/SpaceHarvest/Content/Sounds/Hit_Hurt2.uasset" 308
"C:/Users/theme/OneDrive/Documentos/Unreal Projects/SpaceHarvest/Content/Sounds/Hit_Hurt2.uexp" 309
"C:/Users/theme/OneDrive/Documentos/Unreal Projects/SpaceHarvest/Content/Sounds/Shoot8.ubulk" 310
"C:/Users/theme/OneDrive/Documentos/Unreal Projects/SpaceHarvest/Content/Sounds/Shoot8.uasset" 311
"C:/Users/theme/OneDrive/Documentos/Unreal Projects/SpaceHarvest/Content/Sounds/Shoot8.uexp" 312
"C:/Users/theme/OneDrive/Documentos/Unreal Projects/SpaceHarvest/Content/Sounds/Hit_Hurt10.ubulk" 313
"C:/Users/theme/OneDrive/Documentos/Unreal Projects/SpaceHarvest/Content/Sounds/Hit_Hurt10.uasset" 314
"C:/Users/theme/OneDrive/Documentos/Unreal Projects/SpaceHarvest/Content/Sounds/Hit_Hurt10.uexp" 315
"C:/Users/theme/OneDrive/Documentos/Unreal Projects/SpaceHarvest/Content/Sprites/Tiro_02.uasset" 316
"C:/Users/theme/OneDrive/Documentos/Unreal Projects/SpaceHarvest/Content/Sprites/Tiro_02.uexp" 317
"C:/Users/theme/OneDrive/Documentos/Unreal Projects/SpaceHarvest/Content/Sprites/Tiro_02_Sprite.uasset" 318
"C:/Users/theme/OneDrive/Documentos/Unreal Projects/SpaceHarvest/Content/Sprites/Tiro_02_Sprite.uexp" 319
"C:/Users/theme/OneDrive/Documentos/Unreal Projects/SpaceHarvest/Content/Sprites/Tiro_01.uasset" 320
"C:/Users/theme/OneDrive/Documentos/Unreal Projects/SpaceHarvest/Content/Sprites/Tiro_01.uexp" 321
"C:/Users/theme/OneDrive/Documentos/Unreal Projects/SpaceHarvest/Content/Sprites/Tiro_01_Sprite.uasset" 322
"C:/Users/theme/OneDrive/Documentos/Unreal Projects/SpaceHarvest/Content/Sprites/Tiro_01_Sprite.uexp" 323
"C:/Users/theme/OneDrive/Documentos/Unreal Projects/SpaceHarvest/Content/Sprites/Tiro.uasset" 324
"C:/Users/theme/OneDrive/Documentos/Unreal Projects/SpaceHarvest/Content/Sprites/Tiro.uexp" 325
"../../../Engine/Plugins/2D/Paper2D/Content/PlaceholderTextures/DummySpriteTexture.ubulk" 326
"../../../Engine/Plugins/2D/Paper2D/Content/PlaceholderTextures/DummySpriteTexture.uasset" 327
"../../../Engine/Plugins/2D/Paper2D/Content/PlaceholderTextures/DummySpriteTexture.uexp" 328
"../../../Engine/Plugins/2D/Paper2D/Content/DefaultSpriteMaterial.uasset" 329
"../../../Engine/Plugins/2D/Paper2D/Content/DefaultSpriteMaterial.uexp" 330
"../../../Engine/Plugins/2D/Paper2D/Content/TranslucentUnlitSpriteMaterial.uasset" 331
"../../../Engine/Plugins/2D/Paper2D/Content/TranslucentUnlitSpriteMaterial.uexp" 332
"C:/Users/theme/OneDrive/Documentos/Unreal Projects/SpaceHarvest/Content/Sprites/alien.uasset" 333
"C:/Users/theme/OneDrive/Documentos/Unreal Projects/SpaceHarvest/Content/Sprites/alien.uexp" 334
"C:/Users/theme/OneDrive/Documentos/Unreal Projects/SpaceHarvest/Content/Sprites/alien_Sprite.uasset" 335
"C:/Users/theme/OneDrive/Documentos/Unreal Projects/SpaceHarvest/Content/Sprites/alien_Sprite.uexp" 336
"C:/Users/theme/OneDrive/Documentos/Unreal Projects/SpaceHarvest/Content/Sprites/alien_Flipbook.uasset" 337
"C:/Users/theme/OneDrive/Documentos/Unreal Projects/SpaceHarvest/Content/Sprites/alien_Flipbook.uexp" 338
"C:/Users/theme/OneDrive/Documentos/Unreal Projects/SpaceHarvest/Content/Sprites/alien_blink2.uasset" 339
"C:/Users/theme/OneDrive/Documentos/Unreal Projects/SpaceHarvest/Content/Sprites/alien_blink2.uexp" 340
"C:/Users/theme/OneDrive/Documentos/Unreal Projects/SpaceHarvest/Content/Sprites/alien_blink2_Sprite.uasset" 341
"C:/Users/theme/OneDrive/Documentos/Unreal Projects/SpaceHarvest/Content/Sprites/alien_blink2_Sprite.uexp" 342
"C:/Users/theme/OneDrive/Documentos/Unreal Projects/SpaceHarvest/Content/Sprites/alien_blink1.uasset" 343
"C:/Users/theme/OneDrive/Documentos/Unreal Projects/SpaceHarvest/Content/Sprites/alien_blink1.uexp" 344
"C:/Users/theme/OneDrive/Documentos/Unreal Projects/SpaceHarvest/Content/Sprites/alien_blink1_Sprite.uasset" 345
"C:/Users/theme/OneDrive/Documentos/Unreal Projects/SpaceHarvest/Content/Sprites/alien_blink1_Sprite.uexp" 346
"C:/Users/theme/OneDrive/Documentos/Unreal Projects/SpaceHarvest/Content/Sprites/alien_blink.uasset" 347
"C:/Users/theme/OneDrive/Documentos/Unreal Projects/SpaceHarvest/Content/Sprites/alien_blink.uexp" 348
"C:/Users/theme/OneDrive/Documentos/Unreal Projects/SpaceHarvest/Content/MyBlueprints/Tiro.uasset" 349
"C:/Users/theme/OneDrive/Documentos/Unreal Projects/SpaceHarvest/Content/MyBlueprints/Tiro.uexp" 350
"C:/Users/theme/OneDrive/Documentos/Unreal Projects/SpaceHarvest/Content/Sprites/soldado_frente_tiro.uasset" 351
"C:/Users/theme/OneDrive/Documentos/Unreal Projects/SpaceHarvest/Content/Sprites/soldado_frente_tiro.uexp" 352
"C:/Users/theme/OneDrive/Documentos/Unreal Projects/SpaceHarvest/Content/Sprites/soldado_frente_tiro_Sprite.uasset" 353
"C:/Users/theme/OneDrive/Documentos/Unreal Projects/SpaceHarvest/Content/Sprites/soldado_frente_tiro_Sprite.uexp" 354
"C:/Users/theme/OneDrive/Documentos/Unreal Projects/SpaceHarvest/Content/Sprites/soldado_frente_tiro_Flipbook.uasset" 355
"C:/Users/theme/OneDrive/Documentos/Unreal Projects/SpaceHarvest/Content/Sprites/soldado_frente_tiro_Flipbook.uexp" 356
"C:/Users/theme/OneDrive/Documentos/Unreal Projects/SpaceHarvest/Content/Sprites/soldado_caido.uasset" 357
"C:/Users/theme/OneDrive/Documentos/Unreal Projects/SpaceHarvest/Content/Sprites/soldado_caido.uexp" 358
"C:/Users/theme/OneDrive/Documentos/Unreal Projects/SpaceHarvest/Content/Sprites/soldado_caido_Sprite.uasset" 359
"C:/Users/theme/OneDrive/Documentos/Unreal Projects/SpaceHarvest/Content/Sprites/soldado_caido_Sprite.uexp" 360
"C:/Users/theme/OneDrive/Documentos/Unreal Projects/SpaceHarvest/Content/Sprites/soldado_blink.uasset" 361
"C:/Users/theme/OneDrive/Documentos/Unreal Projects/SpaceHarvest/Content/Sprites/soldado_blink.uexp" 362
"C:/Users/theme/OneDrive/Documentos/Unreal Projects/SpaceHarvest/Content/Sprites/soldado_blink_Sprite.uasset" 363
"C:/Users/theme/OneDrive/Documentos/Unreal Projects/SpaceHarvest/Content/Sprites/soldado_blink_Sprite.uexp" 364
"C:/Users/theme/OneDrive/Documentos/Unreal Projects/SpaceHarvest/Content/Sprites/soldado_caido_Flipbook.uasset" 365
"C:/Users/theme/OneDrive/Documentos/Unreal Projects/SpaceHarvest/Content/Sprites/soldado_caido_Flipbook.uexp" 366
"C:/Users/theme/OneDrive/Documentos/Unreal Projects/SpaceHarvest/Content/Sprites/soldado_andando.uasset" 367
"C:/Users/theme/OneDrive/Documentos/Unreal Projects/SpaceHarvest/Content/Sprites/soldado_andando.uexp" 368
"C:/Users/theme/OneDrive/Documentos/Unreal Projects/SpaceHarvest/Content/Sprites/soldado_andando_Sprite.uasset" 369
"C:/Users/theme/OneDrive/Documentos/Unreal Projects/SpaceHarvest/Content/Sprites/soldado_andando_Sprite.uexp" 370
"C:/Users/theme/OneDrive/Documentos/Unreal Projects/SpaceHarvest/Content/Sprites/soldado_andando_Flipbook.uasset" 371
"C:/Users/theme/OneDrive/Documentos/Unreal Projects/SpaceHarvest/Content/Sprites/soldado_andando_Flipbook.uexp" 372
"C:/Users/theme/OneDrive/Documentos/Unreal Projects/SpaceHarvest/Content/MyBlueprints/Soldado_comum.uasset" 373
"C:/Users/theme/OneDrive/Documentos/Unreal Projects/SpaceHarvest/Content/MyBlueprints/Soldado_comum.uexp" 374
"C:/Users/theme/OneDrive/Documentos/Unreal Projects/SpaceHarvest/Content/Sounds/Laser_Shoot5.ubulk" 375
"C:/Users/theme/OneDrive/Documentos/Unreal Projects/SpaceHarvest/Content/Sounds/Laser_Shoot5.uasset" 376
"C:/Users/theme/OneDrive/Documentos/Unreal Projects/SpaceHarvest/Content/Sounds/Laser_Shoot5.uexp" 377
"C:/Users/theme/OneDrive/Documentos/Unreal Projects/SpaceHarvest/Content/Sprites/laser_02.uasset" 378
"C:/Users/theme/OneDrive/Documentos/Unreal Projects/SpaceHarvest/Content/Sprites/laser_02.uexp" 379
"C:/Users/theme/OneDrive/Documentos/Unreal Projects/SpaceHarvest/Content/Sprites/laser_02_Sprite.uasset" 380
"C:/Users/theme/OneDrive/Documentos/Unreal Projects/SpaceHarvest/Content/Sprites/laser_02_Sprite.uexp" 381
"C:/Users/theme/OneDrive/Documentos/Unreal Projects/SpaceHarvest/Content/Sprites/laser_01.uasset" 382
"C:/Users/theme/OneDrive/Documentos/Unreal Projects/SpaceHarvest/Content/Sprites/laser_01.uexp" 383
"C:/Users/theme/OneDrive/Documentos/Unreal Projects/SpaceHarvest/Content/Sprites/laser_01_Sprite.uasset" 384
"C:/Users/theme/OneDrive/Documentos/Unreal Projects/SpaceHarvest/Content/Sprites/laser_01_Sprite.uexp" 385
"C:/Users/theme/OneDrive/Documentos/Unreal Projects/SpaceHarvest/Content/Sprites/laser.uasset" 386
"C:/Users/theme/OneDrive/Documentos/Unreal Projects/SpaceHarvest/Content/Sprites/laser.uexp" 387
"C:/Users/theme/OneDrive/Documentos/Unreal Projects/SpaceHarvest/Content/MyBlueprints/Laser.uasset" 388
"C:/Users/theme/OneDrive/Documentos/Unreal Projects/SpaceHarvest/Content/MyBlueprints/Laser.uexp" 389
"C:/Users/theme/OneDrive/Documentos/Unreal Projects/SpaceHarvest/Content/Sounds/Powerup5.ubulk" 390
"C:/Users/theme/OneDrive/Documentos/Unreal Projects/SpaceHarvest/Content/Sounds/Powerup5.uasset" 391
"C:/Users/theme/OneDrive/Documentos/Unreal Projects/SpaceHarvest/Content/Sounds/Powerup5.uexp" 392
"C:/Users/theme/OneDrive/Documentos/Unreal Projects/SpaceHarvest/Content/Sprites/abduzir.uasset" 393
"C:/Users/theme/OneDrive/Documentos/Unreal Projects/SpaceHarvest/Content/Sprites/abduzir.uexp" 394
"C:/Users/theme/OneDrive/Documentos/Unreal Projects/SpaceHarvest/Content/Sprites/abduzir_Sprite.uasset" 395
"C:/Users/theme/OneDrive/Documentos/Unreal Projects/SpaceHarvest/Content/Sprites/abduzir_Sprite.uexp" 396
"C:/Users/theme/OneDrive/Documentos/Unreal Projects/SpaceHarvest/Content/MyBlueprints/Abduzir.uasset" 397
"C:/Users/theme/OneDrive/Documentos/Unreal Projects/SpaceHarvest/Content/MyBlueprints/Abduzir.uexp" 398
"C:/Users/theme/OneDrive/Documentos/Unreal Projects/SpaceHarvest/Content/MyBlueprints/Alien_BP.uasset" 399
"C:/Users/theme/OneDrive/Documentos/Unreal Projects/SpaceHarvest/Content/MyBlueprints/Alien_BP.uexp" 400
"../../../Engine/Content/EditorBlueprintResources/StandardMacros.uasset" 401
"../../../Engine/Content/EditorBlueprintResources/StandardMacros.uexp" 402
"C:/Users/theme/OneDrive/Documentos/Unreal Projects/SpaceHarvest/Content/MyBlueprints/Spawn.uasset" 403
"C:/Users/theme/OneDrive/Documentos/Unreal Projects/SpaceHarvest/Content/MyBlueprints/Spawn.uexp" 404
"C:/Users/theme/OneDrive/Documentos/Unreal Projects/SpaceHarvest/Content/UI/ui_CAMADA.uasset" 405
"C:/Users/theme/OneDrive/Documentos/Unreal Projects/SpaceHarvest/Content/UI/ui_CAMADA.uexp" 406
"C:/Users/theme/OneDrive/Documentos/Unreal Projects/SpaceHarvest/Content/UI/UI_barra.uasset" 407
"C:/Users/theme/OneDrive/Documentos/Unreal Projects/SpaceHarvest/Content/UI/UI_barra.uexp" 408
"C:/Users/theme/OneDrive/Documentos/Unreal Projects/SpaceHarvest/Content/UI/UI.uasset" 409
"C:/Users/theme/OneDrive/Documentos/Unreal Projects/SpaceHarvest/Content/UI/UI.uexp" 410
"C:/Users/theme/OneDrive/Documentos/Unreal Projects/SpaceHarvest/Content/UI/hud.uasset" 411
"C:/Users/theme/OneDrive/Documentos/Unreal Projects/SpaceHarvest/Content/UI/hud.uexp" 412
"C:/Users/theme/OneDrive/Documentos/Unreal Projects/SpaceHarvest/Content/MyBlueprints/Arcade.uasset" 413
"C:/Users/theme/OneDrive/Documentos/Unreal Projects/SpaceHarvest/Content/MyBlueprints/Arcade.uexp" 414
"../../../Engine/Content/EngineResources/FilmGrains/Marcie_Grain_v3_128_M2_000.uasset" 415
"../../../Engine/Content/EngineResources/FilmGrains/Marcie_Grain_v3_128_M2_000.uexp" 416
"../../../Engine/Content/EngineSky/VolumetricClouds/CloudWeatherTexture.uasset" 417
"../../../Engine/Content/EngineSky/VolumetricClouds/CloudWeatherTexture.uexp" 418
"../../../Engine/Content/Functions/Engine_MaterialFunctions02/Utility/MakeFloat2.uasset" 419
"../../../Engine/Content/Functions/Engine_MaterialFunctions02/Utility/MakeFloat2.uexp" 420
"../../../Engine/Content/EngineSky/VolumetricClouds/CloudGradientTexture.uasset" 421
"../../../Engine/Content/EngineSky/VolumetricClouds/CloudGradientTexture.uexp" 422
"../../../Engine/Content/EngineSky/VolumetricClouds/T_NoiseShape64.ubulk" 423
"../../../Engine/Content/EngineSky/VolumetricClouds/T_NoiseShape64.uasset" 424
"../../../Engine/Content/EngineSky/VolumetricClouds/T_NoiseShape64.uexp" 425
"../../../Engine/Content/EngineSky/VolumetricClouds/T_VolumeNoiseShape64.uasset" 426
"../../../Engine/Content/EngineSky/VolumetricClouds/T_VolumeNoiseShape64.uexp" 427
"../../../Engine/Content/EngineSky/VolumetricClouds/T_NoiseErosion.ubulk" 428
"../../../Engine/Content/EngineSky/VolumetricClouds/T_NoiseErosion.uasset" 429
"../../../Engine/Content/EngineSky/VolumetricClouds/T_NoiseErosion.uexp" 430
"../../../Engine/Content/EngineSky/VolumetricClouds/T_VolumeNoiseErosion32.uasset" 431
"../../../Engine/Content/EngineSky/VolumetricClouds/T_VolumeNoiseErosion32.uexp" 432
"../../../Engine/Content/EngineSky/VolumetricClouds/m_SimpleVolumetricCloud.uasset" 433
"../../../Engine/Content/EngineSky/VolumetricClouds/m_SimpleVolumetricCloud.uexp" 434
"../../../Engine/Content/EngineSky/VolumetricClouds/m_SimpleVolumetricCloud_Inst.uasset" 435
"../../../Engine/Content/EngineSky/VolumetricClouds/m_SimpleVolumetricCloud_Inst.uexp" 436
"../../../Engine/Content/EngineSounds/Master.uasset" 437
"../../../Engine/Content/EngineSounds/Master.uexp" 438
"../../../Engine/Content/Functions/Engine_MaterialFunctions01/Shading/PowerToRoughness.uasset" 439
"../../../Engine/Content/Functions/Engine_MaterialFunctions01/Shading/PowerToRoughness.uexp" 440
"../../../Engine/Content/MobileResources/HUD/VirtualJoystick_Background.uasset" 441
"../../../Engine/Content/MobileResources/HUD/VirtualJoystick_Background.uexp" 442
"../../../Engine/Content/MobileResources/HUD/VirtualJoystick_Thumb.uasset" 443
"../../../Engine/Content/MobileResources/HUD/VirtualJoystick_Thumb.uexp" 444
"../../../Engine/Content/MobileResources/HUD/DefaultVirtualJoysticks.uasset" 445
"../../../Engine/Content/MobileResources/HUD/DefaultVirtualJoysticks.uexp" 446
"../../../Engine/Plugins/2D/Paper2D/Content/OpaqueUnlitSpriteMaterial.uasset" 447
"../../../Engine/Plugins/2D/Paper2D/Content/OpaqueUnlitSpriteMaterial.uexp" 448
"../../../Engine/Plugins/2D/Paper2D/Content/MaskedUnlitSpriteMaterial.uasset" 449
"../../../Engine/Plugins/2D/Paper2D/Content/MaskedUnlitSpriteMaterial.uexp" 450
"../../../Engine/Plugins/2D/Paper2D/Content/DummySprite.uasset" 451
"../../../Engine/Plugins/2D/Paper2D/Content/DummySprite.uexp" 452
"../../../Engine/Plugins/2D/Paper2D/Content/DefaultPaperTerrainMaterial.uasset" 453
"../../../Engine/Plugins/2D/Paper2D/Content/DefaultPaperTerrainMaterial.uexp" 454
"../../../Engine/Plugins/Animation/ControlRig/Content/M_Manip.uasset" 455
"../../../Engine/Plugins/Animation/ControlRig/Content/M_Manip.uexp" 456
"../../../Engine/Plugins/Animation/ControlRig/Content/Controls/DefaultGizmoLibraryNormalized.uasset" 457
"../../../Engine/Plugins/Animation/ControlRig/Content/Controls/DefaultGizmoLibraryNormalized.uexp" 458
"../../../Engine/Plugins/Animation/ControlRig/Content/Controls/ControlRig_Wedge_solid.ubulk" 459
"../../../Engine/Plugins/Animation/ControlRig/Content/Controls/ControlRig_Wedge_solid.uasset" 460
"../../../Engine/Plugins/Animation/ControlRig/Content/Controls/ControlRig_Wedge_solid.uexp" 461
"../../../Engine/Plugins/Animation/ControlRig/Content/Controls/ControlRig_Wedge_3mm.ubulk" 462
"../../../Engine/Plugins/Animation/ControlRig/Content/Controls/ControlRig_Wedge_3mm.uasset" 463
"../../../Engine/Plugins/Animation/ControlRig/Content/Controls/ControlRig_Wedge_3mm.uexp" 464
"../../../Engine/Plugins/Animation/ControlRig/Content/Controls/ControlRig_Wedge_1mm.ubulk" 465
"../../../Engine/Plugins/Animation/ControlRig/Content/Controls/ControlRig_Wedge_1mm.uasset" 466
"../../../Engine/Plugins/Animation/ControlRig/Content/Controls/ControlRig_Wedge_1mm.uexp" 467
"../../../Engine/Plugins/Animation/ControlRig/Content/Controls/ControlRig_Triangle_solid.ubulk" 468
"../../../Engine/Plugins/Animation/ControlRig/Content/Controls/ControlRig_Triangle_solid.uasset" 469
"../../../Engine/Plugins/Animation/ControlRig/Content/Controls/ControlRig_Triangle_solid.uexp" 470
"../../../Engine/Plugins/Animation/ControlRig/Content/Controls/ControlRig_Triangle_3mm.ubulk" 471
"../../../Engine/Plugins/Animation/ControlRig/Content/Controls/ControlRig_Triangle_3mm.uasset" 472
"../../../Engine/Plugins/Animation/ControlRig/Content/Controls/ControlRig_Triangle_3mm.uexp" 473
"../../../Engine/Plugins/Animation/ControlRig/Content/Controls/ControlRig_Triangle_1mm.ubulk" 474
"../../../Engine/Plugins/Animation/ControlRig/Content/Controls/ControlRig_Triangle_1mm.uasset" 475
"../../../Engine/Plugins/Animation/ControlRig/Content/Controls/ControlRig_Triangle_1mm.uexp" 476
"../../../Engine/Plugins/Animation/ControlRig/Content/Controls/ControlRig_Star4_solid.ubulk" 477
"../../../Engine/Plugins/Animation/ControlRig/Content/Controls/ControlRig_Star4_solid.uasset" 478
"../../../Engine/Plugins/Animation/ControlRig/Content/Controls/ControlRig_Star4_solid.uexp" 479
"../../../Engine/Plugins/Animation/ControlRig/Content/Controls/ControlRig_Star4_3mm.ubulk" 480
"../../../Engine/Plugins/Animation/ControlRig/Content/Controls/ControlRig_Star4_3mm.uasset" 481
"../../../Engine/Plugins/Animation/ControlRig/Content/Controls/ControlRig_Star4_3mm.uexp" 482
"../../../Engine/Plugins/Animation/ControlRig/Content/Controls/ControlRig_Star4_1mm.ubulk" 483
"../../../Engine/Plugins/Animation/ControlRig/Content/Controls/ControlRig_Star4_1mm.uasset" 484
"../../../Engine/Plugins/Animation/ControlRig/Content/Controls/ControlRig_Star4_1mm.uexp" 485
"../../../Engine/Plugins/Animation/ControlRig/Content/Controls/ControlRig_Square_solid.ubulk" 486
"../../../Engine/Plugins/Animation/ControlRig/Content/Controls/ControlRig_Square_solid.uasset" 487
"../../../Engine/Plugins/Animation/ControlRig/Content/Controls/ControlRig_Square_solid.uexp" 488
"../../../Engine/Plugins/Animation/ControlRig/Content/Controls/ControlRig_Square_3mm.ubulk" 489
"../../../Engine/Plugins/Animation/ControlRig/Content/Controls/ControlRig_Square_3mm.uasset" 490
"../../../Engine/Plugins/Animation/ControlRig/Content/Controls/ControlRig_Square_3mm.uexp" 491
"../../../Engine/Plugins/Animation/ControlRig/Content/Controls/ControlRig_Square_1mm.ubulk" 492
"../../../Engine/Plugins/Animation/ControlRig/Content/Controls/ControlRig_Square_1mm.uasset" 493
"../../../Engine/Plugins/Animation/ControlRig/Content/Controls/ControlRig_Square_1mm.uexp" 494
"../../../Engine/Plugins/Animation/ControlRig/Content/Controls/ControlRig_Sphere_solid.ubulk" 495
"../../../Engine/Plugins/Animation/ControlRig/Content/Controls/ControlRig_Sphere_solid.uasset" 496
"../../../Engine/Plugins/Animation/ControlRig/Content/Controls/ControlRig_Sphere_solid.uexp" 497
"../../../Engine/Plugins/Animation/ControlRig/Content/Controls/ControlRig_Sphere_3mm.ubulk" 498
"../../../Engine/Plugins/Animation/ControlRig/Content/Controls/ControlRig_Sphere_3mm.uasset" 499
"../../../Engine/Plugins/Animation/ControlRig/Content/Controls/ControlRig_Sphere_3mm.uexp" 500
"../../../Engine/Plugins/Animation/ControlRig/Content/Controls/ControlRig_Sphere_1mm.ubulk" 501
"../../../Engine/Plugins/Animation/ControlRig/Content/Controls/ControlRig_Sphere_1mm.uasset" 502
"../../../Engine/Plugins/Animation/ControlRig/Content/Controls/ControlRig_Sphere_1mm.uexp" 503
"../../../Engine/Plugins/Animation/ControlRig/Content/Controls/ControlRig_RoundedTriangle_solid.ubulk" 504
"../../../Engine/Plugins/Animation/ControlRig/Content/Controls/ControlRig_RoundedTriangle_solid.uasset" 505
"../../../Engine/Plugins/Animation/ControlRig/Content/Controls/ControlRig_RoundedTriangle_solid.uexp" 506
"../../../Engine/Plugins/Animation/ControlRig/Content/Controls/ControlRig_RoundedTriangle_3mm.ubulk" 507
"../../../Engine/Plugins/Animation/ControlRig/Content/Controls/ControlRig_RoundedTriangle_3mm.uasset" 508
"../../../Engine/Plugins/Animation/ControlRig/Content/Controls/ControlRig_RoundedTriangle_3mm.uexp" 509
"../../../Engine/Plugins/Animation/ControlRig/Content/Controls/ControlRig_RoundedTriangle_1mm.ubulk" 510
"../../../Engine/Plugins/Animation/ControlRig/Content/Controls/ControlRig_RoundedTriangle_1mm.uasset" 511
"../../../Engine/Plugins/Animation/ControlRig/Content/Controls/ControlRig_RoundedTriangle_1mm.uexp" 512
"../../../Engine/Plugins/Animation/ControlRig/Content/Controls/ControlRig_RoundedSquare_solid.ubulk" 513
"../../../Engine/Plugins/Animation/ControlRig/Content/Controls/ControlRig_RoundedSquare_solid.uasset" 514
"../../../Engine/Plugins/Animation/ControlRig/Content/Controls/ControlRig_RoundedSquare_solid.uexp" 515
"../../../Engine/Plugins/Animation/ControlRig/Content/Controls/ControlRig_RoundedSquare_3mm.ubulk" 516
"../../../Engine/Plugins/Animation/ControlRig/Content/Controls/ControlRig_RoundedSquare_3mm.uasset" 517
"../../../Engine/Plugins/Animation/ControlRig/Content/Controls/ControlRig_RoundedSquare_3mm.uexp" 518
"../../../Engine/Plugins/Animation/ControlRig/Content/Controls/ControlRig_RoundedSquare_1mm.ubulk" 519
"../../../Engine/Plugins/Animation/ControlRig/Content/Controls/ControlRig_RoundedSquare_1mm.uasset" 520
"../../../Engine/Plugins/Animation/ControlRig/Content/Controls/ControlRig_RoundedSquare_1mm.uexp" 521
"../../../Engine/Plugins/Animation/ControlRig/Content/Controls/ControlRig_QuarterCircle_solid.ubulk" 522
"../../../Engine/Plugins/Animation/ControlRig/Content/Controls/ControlRig_QuarterCircle_solid.uasset" 523
"../../../Engine/Plugins/Animation/ControlRig/Content/Controls/ControlRig_QuarterCircle_solid.uexp" 524
"../../../Engine/Plugins/Animation/ControlRig/Content/Controls/ControlRig_QuarterCircle_3mm.ubulk" 525
"../../../Engine/Plugins/Animation/ControlRig/Content/Controls/ControlRig_QuarterCircle_3mm.uasset" 526
"../../../Engine/Plugins/Animation/ControlRig/Content/Controls/ControlRig_QuarterCircle_3mm.uexp" 527
"../../../Engine/Plugins/Animation/ControlRig/Content/Controls/ControlRig_QuarterCircle_1mm.ubulk" 528
"../../../Engine/Plugins/Animation/ControlRig/Content/Controls/ControlRig_QuarterCircle_1mm.uasset" 529
"../../../Engine/Plugins/Animation/ControlRig/Content/Controls/ControlRig_QuarterCircle_1mm.uexp" 530
"../../../Engine/Plugins/Animation/ControlRig/Content/Controls/ControlRig_Pyramid_solid.ubulk" 531
"../../../Engine/Plugins/Animation/ControlRig/Content/Controls/ControlRig_Pyramid_solid.uasset" 532
"../../../Engine/Plugins/Animation/ControlRig/Content/Controls/ControlRig_Pyramid_solid.uexp" 533
"../../../Engine/Plugins/Animation/ControlRig/Content/Controls/ControlRig_Pyramid_3mm.ubulk" 534
"../../../Engine/Plugins/Animation/ControlRig/Content/Controls/ControlRig_Pyramid_3mm.uasset" 535
"../../../Engine/Plugins/Animation/ControlRig/Content/Controls/ControlRig_Pyramid_3mm.uexp" 536
"../../../Engine/Plugins/Animation/ControlRig/Content/Controls/ControlRig_Pyramid_1mm.ubulk" 537
"../../../Engine/Plugins/Animation/ControlRig/Content/Controls/ControlRig_Pyramid_1mm.uasset" 538
"../../../Engine/Plugins/Animation/ControlRig/Content/Controls/ControlRig_Pyramid_1mm.uexp" 539
"../../../Engine/Plugins/Animation/ControlRig/Content/Controls/ControlRig_Octagon_solid.ubulk" 540
"../../../Engine/Plugins/Animation/ControlRig/Content/Controls/ControlRig_Octagon_solid.uasset" 541
"../../../Engine/Plugins/Animation/ControlRig/Content/Controls/ControlRig_Octagon_solid.uexp" 542
"../../../Engine/Plugins/Animation/ControlRig/Content/Controls/ControlRig_Octagon_3mm.ubulk" 543
"../../../Engine/Plugins/Animation/ControlRig/Content/Controls/ControlRig_Octagon_3mm.uasset" 544
"../../../Engine/Plugins/Animation/ControlRig/Content/Controls/ControlRig_Octagon_3mm.uexp" 545
"../../../Engine/Plugins/Animation/ControlRig/Content/Controls/ControlRig_Octagon_1mm.ubulk" 546
"../../../Engine/Plugins/Animation/ControlRig/Content/Controls/ControlRig_Octagon_1mm.uasset" 547
"../../../Engine/Plugins/Animation/ControlRig/Content/Controls/ControlRig_Octagon_1mm.uexp" 548
"../../../Engine/Plugins/Animation/ControlRig/Content/Controls/ControlRig_Hexagon_solid.ubulk" 549
"../../../Engine/Plugins/Animation/ControlRig/Content/Controls/ControlRig_Hexagon_solid.uasset" 550
"../../../Engine/Plugins/Animation/ControlRig/Content/Controls/ControlRig_Hexagon_solid.uexp" 551
"../../../Engine/Plugins/Animation/ControlRig/Content/Controls/ControlRig_Hexagon_3mm.ubulk" 552
"../../../Engine/Plugins/Animation/ControlRig/Content/Controls/ControlRig_Hexagon_3mm.uasset" 553
"../../../Engine/Plugins/Animation/ControlRig/Content/Controls/ControlRig_Hexagon_3mm.uexp" 554
"../../../Engine/Plugins/Animation/ControlRig/Content/Controls/ControlRig_Hexagon_1mm.ubulk" 555
"../../../Engine/Plugins/Animation/ControlRig/Content/Controls/ControlRig_Hexagon_1mm.uasset" 556
"../../../Engine/Plugins/Animation/ControlRig/Content/Controls/ControlRig_Hexagon_1mm.uexp" 557
"../../../Engine/Plugins/Animation/ControlRig/Content/Controls/ControlRig_HalfCircle_solid.ubulk" 558
"../../../Engine/Plugins/Animation/ControlRig/Content/Controls/ControlRig_HalfCircle_solid.uasset" 559
"../../../Engine/Plugins/Animation/ControlRig/Content/Controls/ControlRig_HalfCircle_solid.uexp" 560
"../../../Engine/Plugins/Animation/ControlRig/Content/Controls/ControlRig_HalfCircle_3mm.ubulk" 561
"../../../Engine/Plugins/Animation/ControlRig/Content/Controls/ControlRig_HalfCircle_3mm.uasset" 562
"../../../Engine/Plugins/Animation/ControlRig/Content/Controls/ControlRig_HalfCircle_3mm.uexp" 563
"../../../Engine/Plugins/Animation/ControlRig/Content/Controls/ControlRig_HalfCircle_1mm.ubulk" 564
"../../../Engine/Plugins/Animation/ControlRig/Content/Controls/ControlRig_HalfCircle_1mm.uasset" 565
"../../../Engine/Plugins/Animation/ControlRig/Content/Controls/ControlRig_HalfCircle_1mm.uexp" 566
"../../../Engine/Plugins/Animation/ControlRig/Content/Controls/ControlRig_Diamond_solid.ubulk" 567
"../../../Engine/Plugins/Animation/ControlRig/Content/Controls/ControlRig_Diamond_solid.uasset" 568
"../../../Engine/Plugins/Animation/ControlRig/Content/Controls/ControlRig_Diamond_solid.uexp" 569
"../../../Engine/Plugins/Animation/ControlRig/Content/Controls/ControlRig_Diamond_3mm.ubulk" 570
"../../../Engine/Plugins/Animation/ControlRig/Content/Controls/ControlRig_Diamond_3mm.uasset" 571
"../../../Engine/Plugins/Animation/ControlRig/Content/Controls/ControlRig_Diamond_3mm.uexp" 572
"../../../Engine/Plugins/Animation/ControlRig/Content/Controls/ControlRig_Diamond_1mm.ubulk" 573
"../../../Engine/Plugins/Animation/ControlRig/Content/Controls/ControlRig_Diamond_1mm.uasset" 574
"../../../Engine/Plugins/Animation/ControlRig/Content/Controls/ControlRig_Diamond_1mm.uexp" 575
"../../../Engine/Plugins/Animation/ControlRig/Content/Controls/ControlRig_Circle_solid.ubulk" 576
"../../../Engine/Plugins/Animation/ControlRig/Content/Controls/ControlRig_Circle_solid.uasset" 577
"../../../Engine/Plugins/Animation/ControlRig/Content/Controls/ControlRig_Circle_solid.uexp" 578
"../../../Engine/Plugins/Animation/ControlRig/Content/Controls/ControlRig_Circle_3mm.ubulk" 579
"../../../Engine/Plugins/Animation/ControlRig/Content/Controls/ControlRig_Circle_3mm.uasset" 580
"../../../Engine/Plugins/Animation/ControlRig/Content/Controls/ControlRig_Circle_3mm.uexp" 581
"../../../Engine/Plugins/Animation/ControlRig/Content/Controls/ControlRig_Circle_1mm.ubulk" 582
"../../../Engine/Plugins/Animation/ControlRig/Content/Controls/ControlRig_Circle_1mm.uasset" 583
"../../../Engine/Plugins/Animation/ControlRig/Content/Controls/ControlRig_Circle_1mm.uexp" 584
"../../../Engine/Plugins/Animation/ControlRig/Content/Controls/ControlRig_Box_solid.ubulk" 585
"../../../Engine/Plugins/Animation/ControlRig/Content/Controls/ControlRig_Box_solid.uasset" 586
"../../../Engine/Plugins/Animation/ControlRig/Content/Controls/ControlRig_Box_solid.uexp" 587
"../../../Engine/Plugins/Animation/ControlRig/Content/Controls/ControlRig_Box_3mm.ubulk" 588
"../../../Engine/Plugins/Animation/ControlRig/Content/Controls/ControlRig_Box_3mm.uasset" 589
"../../../Engine/Plugins/Animation/ControlRig/Content/Controls/ControlRig_Box_3mm.uexp" 590
"../../../Engine/Plugins/Animation/ControlRig/Content/Controls/ControlRig_Box_1mm.ubulk" 591
"../../../Engine/Plugins/Animation/ControlRig/Content/Controls/ControlRig_Box_1mm.uasset" 592
"../../../Engine/Plugins/Animation/ControlRig/Content/Controls/ControlRig_Box_1mm.uexp" 593
"../../../Engine/Plugins/Animation/ControlRig/Content/Controls/ControlRig_Arrow_solid.ubulk" 594
"../../../Engine/Plugins/Animation/ControlRig/Content/Controls/ControlRig_Arrow_solid.uasset" 595
"../../../Engine/Plugins/Animation/ControlRig/Content/Controls/ControlRig_Arrow_solid.uexp" 596
"../../../Engine/Plugins/Animation/ControlRig/Content/Controls/ControlRig_Arrow_3mm.ubulk" 597
"../../../Engine/Plugins/Animation/ControlRig/Content/Controls/ControlRig_Arrow_3mm.uasset" 598
"../../../Engine/Plugins/Animation/ControlRig/Content/Controls/ControlRig_Arrow_3mm.uexp" 599
"../../../Engine/Plugins/Animation/ControlRig/Content/Controls/ControlRig_Arrow_1mm.ubulk" 600
"../../../Engine/Plugins/Animation/ControlRig/Content/Controls/ControlRig_Arrow_1mm.uasset" 601
"../../../Engine/Plugins/Animation/ControlRig/Content/Controls/ControlRig_Arrow_1mm.uexp" 602
"../../../Engine/Plugins/Animation/ControlRig/Content/Controls/ControlRig_Arrow4_solid.ubulk" 603
"../../../Engine/Plugins/Animation/ControlRig/Content/Controls/ControlRig_Arrow4_solid.uasset" 604
"../../../Engine/Plugins/Animation/ControlRig/Content/Controls/ControlRig_Arrow4_solid.uexp" 605
"../../../Engine/Plugins/Animation/ControlRig/Content/Controls/ControlRig_Arrow4_3mm.ubulk" 606
"../../../Engine/Plugins/Animation/ControlRig/Content/Controls/ControlRig_Arrow4_3mm.uasset" 607
"../../../Engine/Plugins/Animation/ControlRig/Content/Controls/ControlRig_Arrow4_3mm.uexp" 608
"../../../Engine/Plugins/Animation/ControlRig/Content/Controls/ControlRig_Arrow4_1mm.ubulk" 609
"../../../Engine/Plugins/Animation/ControlRig/Content/Controls/ControlRig_Arrow4_1mm.uasset" 610
"../../../Engine/Plugins/Animation/ControlRig/Content/Controls/ControlRig_Arrow4_1mm.uexp" 611
"../../../Engine/Plugins/Animation/ControlRig/Content/Controls/ControlRig_Arrow2_solid.ubulk" 612
"../../../Engine/Plugins/Animation/ControlRig/Content/Controls/ControlRig_Arrow2_solid.uasset" 613
"../../../Engine/Plugins/Animation/ControlRig/Content/Controls/ControlRig_Arrow2_solid.uexp" 614
"../../../Engine/Plugins/Animation/ControlRig/Content/Controls/ControlRig_Arrow2_3mm.ubulk" 615
"../../../Engine/Plugins/Animation/ControlRig/Content/Controls/ControlRig_Arrow2_3mm.uasset" 616
"../../../Engine/Plugins/Animation/ControlRig/Content/Controls/ControlRig_Arrow2_3mm.uexp" 617
"../../../Engine/Plugins/Animation/ControlRig/Content/Controls/ControlRig_Arrow2_1mm.ubulk" 618
"../../../Engine/Plugins/Animation/ControlRig/Content/Controls/ControlRig_Arrow2_1mm.uasset" 619
"../../../Engine/Plugins/Animation/ControlRig/Content/Controls/ControlRig_Arrow2_1mm.uexp" 620
"../../../Engine/Plugins/Animation/ControlRig/Content/Controls/ControlRigXRayMaterial.uasset" 621
"../../../Engine/Plugins/Animation/ControlRig/Content/Controls/ControlRigXRayMaterial.uexp" 622
"../../../Engine/Plugins/Animation/ControlRig/Content/Controls/ControlRigGizmoMaterial.uasset" 623
"../../../Engine/Plugins/Animation/ControlRig/Content/Controls/ControlRigGizmoMaterial.uexp" 624
"../../../Engine/Plugins/Editor/SpeedTreeImporter/Content/SpeedTree9/game_wind_noise.ubulk" 625
"../../../Engine/Plugins/Editor/SpeedTreeImporter/Content/SpeedTree9/game_wind_noise.uasset" 626
"../../../Engine/Plugins/Editor/SpeedTreeImporter/Content/SpeedTree9/game_wind_noise.uexp" 627
"../../../Engine/Plugins/Editor/SpeedTreeImporter/Content/SpeedTree9/UnpackDirection.uasset" 628
"../../../Engine/Plugins/Editor/SpeedTreeImporter/Content/SpeedTree9/UnpackDirection.uexp" 629
"../../../Engine/Content/Functions/Engine_MaterialFunctions02/ObjectLocalBounds.uasset" 630
"../../../Engine/Content/Functions/Engine_MaterialFunctions02/ObjectLocalBounds.uexp" 631
"../../../Engine/Content/Functions/Engine_MaterialFunctions02/UVs/BoundingBoxBased_0-1_UVW.uasset" 632
"../../../Engine/Content/Functions/Engine_MaterialFunctions02/UVs/BoundingBoxBased_0-1_UVW.uexp" 633
"../../../Engine/Content/Functions/Engine_MaterialFunctions02/Utility/VectorLength.uasset" 634
"../../../Engine/Content/Functions/Engine_MaterialFunctions02/Utility/VectorLength.uexp" 635
"../../../Engine/Plugins/Editor/SpeedTreeImporter/Content/SpeedTree9/UnpackInteger3.uasset" 636
"../../../Engine/Plugins/Editor/SpeedTreeImporter/Content/SpeedTree9/UnpackInteger3.uexp" 637
"../../../Engine/Plugins/Editor/SpeedTreeImporter/Content/SpeedTree9/SpeedTreeCameraFacing.uasset" 638
"../../../Engine/Plugins/Editor/SpeedTreeImporter/Content/SpeedTree9/SpeedTreeCameraFacing.uexp" 639
"../../../Engine/Content/Functions/Engine_MaterialFunctions02/WorldPositionOffset/ObjectScale.uasset" 640
"../../../Engine/Content/Functions/Engine_MaterialFunctions02/WorldPositionOffset/ObjectScale.uexp" 641
"../../../Engine/Content/Functions/Engine_MaterialFunctions02/SafeNormalize.uasset" 642
"../../../Engine/Content/Functions/Engine_MaterialFunctions02/SafeNormalize.uexp" 643
"../../../Engine/Plugins/Editor/SpeedTreeImporter/Content/SpeedTree9/SpeedTreeWindMotion.uasset" 644
"../../../Engine/Plugins/Editor/SpeedTreeImporter/Content/SpeedTree9/SpeedTreeWindMotion.uexp" 645
"../../../Engine/Plugins/Editor/SpeedTreeImporter/Content/SpeedTree9/SpeedTreeBranchMotion.uasset" 646
"../../../Engine/Plugins/Editor/SpeedTreeImporter/Content/SpeedTree9/SpeedTreeBranchMotion.uexp" 647
"../../../Engine/Plugins/Editor/SpeedTreeImporter/Content/SpeedTree9/SpeedTreeWind.uasset" 648
"../../../Engine/Plugins/Editor/SpeedTreeImporter/Content/SpeedTree9/SpeedTreeWind.uexp" 649
"../../../Engine/Plugins/Editor/SpeedTreeImporter/Content/SpeedTree9/EmptyNormal.uasset" 650
"../../../Engine/Plugins/Editor/SpeedTreeImporter/Content/SpeedTree9/EmptyNormal.uexp" 651
"../../../Engine/Plugins/Editor/SpeedTreeImporter/Content/SpeedTree9/Empty.uasset" 652
"../../../Engine/Plugins/Editor/SpeedTreeImporter/Content/SpeedTree9/Empty.uexp" 653
"../../../Engine/Plugins/Editor/SpeedTreeImporter/Content/SpeedTree9/SpeedTreeMaster.uasset" 654
"../../../Engine/Plugins/Editor/SpeedTreeImporter/Content/SpeedTree9/SpeedTreeMaster.uexp" 655
"../../../Engine/Plugins/Editor/SpeedTreeImporter/Content/SpeedTree9/SpeedTreeBillboard.uasset" 656
"../../../Engine/Plugins/Editor/SpeedTreeImporter/Content/SpeedTree9/SpeedTreeBillboard.uexp" 657
"../../../Engine/Plugins/Editor/SpeedTreeImporter/Content/SpeedTree9/SpeedTreeBillboardMaster.uasset" 658
"../../../Engine/Plugins/Editor/SpeedTreeImporter/Content/SpeedTree9/SpeedTreeBillboardMaster.uexp" 659
"../../../Engine/Content/Functions/Engine_MaterialFunctions02/Texturing/CustomRotator.uasset" 660
"../../../Engine/Content/Functions/Engine_MaterialFunctions02/Texturing/CustomRotator.uexp" 661
"../../../Engine/Content/Functions/Engine_MaterialFunctions02/Texturing/ScreenAlignedPixelToPixelUVs.uasset" 662
"../../../Engine/Content/Functions/Engine_MaterialFunctions02/Texturing/ScreenAlignedPixelToPixelUVs.uexp" 663
"../../../Engine/Plugins/Interchange/Runtime/Content/Utilities/T_Bayer64_Grayscale_64px.uasset" 664
"../../../Engine/Plugins/Interchange/Runtime/Content/Utilities/T_Bayer64_Grayscale_64px.uexp" 665
"../../../Engine/Plugins/Interchange/Runtime/Content/gltf/MaterialFunctions/MF_Temporal_Blur.uasset" 666
"../../../Engine/Plugins/Interchange/Runtime/Content/gltf/MaterialFunctions/MF_Temporal_Blur.uexp" 667
"../../../Engine/Plugins/Interchange/Runtime/Content/gltf/MaterialFunctions/MF_Fresnel_DS.uasset" 668
"../../../Engine/Plugins/Interchange/Runtime/Content/gltf/MaterialFunctions/MF_Fresnel_DS.uexp" 669
"../../../Engine/Plugins/Interchange/Runtime/Content/Functions/MX_Transmission.uasset" 670
"../../../Engine/Plugins/Interchange/Runtime/Content/Functions/MX_Transmission.uexp" 671
"../../../Engine/Plugins/Interchange/Runtime/Content/Functions/MF_OrenNayerView.uasset" 672
"../../../Engine/Plugins/Interchange/Runtime/Content/Functions/MF_OrenNayerView.uexp" 673
"../../../Engine/Plugins/Interchange/Runtime/Content/Functions/MF_SchlickApprox.uasset" 674
"../../../Engine/Plugins/Interchange/Runtime/Content/Functions/MF_SchlickApprox.uexp" 675
"../../../Engine/Plugins/Interchange/Runtime/Content/Utilities/New_LUT.uasset" 676
"../../../Engine/Plugins/Interchange/Runtime/Content/Utilities/New_LUT.uexp" 677
"../../../Engine/Content/Functions/Engine_MaterialFunctions03/Math/RemapValueRange.uasset" 678
"../../../Engine/Content/Functions/Engine_MaterialFunctions03/Math/RemapValueRange.uexp" 679
"../../../Engine/Plugins/Interchange/Runtime/Content/Functions/MF_Iridescence.uasset" 680
"../../../Engine/Plugins/Interchange/Runtime/Content/Functions/MF_Iridescence.uexp" 681
"../../../Engine/Plugins/Interchange/Runtime/Content/Functions/MX_StandardSurface.uasset" 682
"../../../Engine/Plugins/Interchange/Runtime/Content/Functions/MX_StandardSurface.uexp" 683
"../../../Engine/Plugins/Interchange/Runtime/Content/Functions/MX_TransmissionSurface.uasset" 684
"../../../Engine/Plugins/Interchange/Runtime/Content/Functions/MX_TransmissionSurface.uexp" 685
"../../../Engine/Content/Functions/Engine_MaterialFunctions02/Math/AddComponents.uasset" 686
"../../../Engine/Content/Functions/Engine_MaterialFunctions02/Math/AddComponents.uexp" 687
"../../../Engine/Content/Functions/Engine_MaterialFunctions02/WorldPositionOffset/V2/ObjectScale.uasset" 688
"../../../Engine/Content/Functions/Engine_MaterialFunctions02/WorldPositionOffset/V2/ObjectScale.uexp" 689
"../../../Engine/Plugins/Interchange/Runtime/Content/gltf/MaterialFunctions/MF_TransmissionOpacity.uasset" 690
"../../../Engine/Plugins/Interchange/Runtime/Content/gltf/MaterialFunctions/MF_TransmissionOpacity.uexp" 691
"../../../Engine/Plugins/Interchange/Runtime/Content/gltf/MaterialFunctions/MF_RotateV2.uasset" 692
"../../../Engine/Plugins/Interchange/Runtime/Content/gltf/MaterialFunctions/MF_RotateV2.uexp" 693
"../../../Engine/Plugins/Interchange/Runtime/Content/gltf/MaterialFunctions/MF_TransformUVs.uasset" 694
"../../../Engine/Plugins/Interchange/Runtime/Content/gltf/MaterialFunctions/MF_TransformUVs.uexp" 695
"../../../Engine/Plugins/Interchange/Runtime/Content/gltf/Textures/T_White_srgb.uasset" 696
"../../../Engine/Plugins/Interchange/Runtime/Content/gltf/Textures/T_White_srgb.uexp" 697
"../../../Engine/Plugins/Interchange/Runtime/Content/gltf/MaterialFunctions/MF_BaseColor.uasset" 698
"../../../Engine/Plugins/Interchange/Runtime/Content/gltf/MaterialFunctions/MF_BaseColor.uexp" 699
"../../../Engine/Plugins/Interchange/Runtime/Content/gltf/MaterialFunctions/MF_DiffuseSpecGloss.uasset" 700
"../../../Engine/Plugins/Interchange/Runtime/Content/gltf/MaterialFunctions/MF_DiffuseSpecGloss.uexp" 701
"../../../Engine/Plugins/Interchange/Runtime/Content/gltf/Textures/T_White_Linear.uasset" 702
"../../../Engine/Plugins/Interchange/Runtime/Content/gltf/Textures/T_White_Linear.uexp" 703
"../../../Engine/Plugins/Interchange/Runtime/Content/gltf/MaterialFunctions/MF_MetallicRoughness.uasset" 704
"../../../Engine/Plugins/Interchange/Runtime/Content/gltf/MaterialFunctions/MF_MetallicRoughness.uexp" 705
"../../../Engine/Plugins/Interchange/Runtime/Content/gltf/MaterialFunctions/MF_Transmission.uasset" 706
"../../../Engine/Plugins/Interchange/Runtime/Content/gltf/MaterialFunctions/MF_Transmission.uexp" 707
"../../../Engine/Plugins/Interchange/Runtime/Content/gltf/MaterialFunctions/MF_Occlusion.uasset" 708
"../../../Engine/Plugins/Interchange/Runtime/Content/gltf/MaterialFunctions/MF_Occlusion.uexp" 709
"../../../Engine/Plugins/Interchange/Runtime/Content/gltf/MaterialFunctions/MF_Specular.uasset" 710
"../../../Engine/Plugins/Interchange/Runtime/Content/gltf/MaterialFunctions/MF_Specular.uexp" 711
"../../../Engine/Plugins/Interchange/Runtime/Content/gltf/MaterialFunctions/MF_IOR.uasset" 712
"../../../Engine/Plugins/Interchange/Runtime/Content/gltf/MaterialFunctions/MF_IOR.uexp" 713
"../../../Engine/Content/Functions/Engine_MaterialFunctions01/Texturing/FlattenNormal.uasset" 714
"../../../Engine/Content/Functions/Engine_MaterialFunctions01/Texturing/FlattenNormal.uexp" 715
"../../../Engine/Content/Functions/Engine_MaterialFunctions02/Math/Transform3x3Matrix.uasset" 716
"../../../Engine/Content/Functions/Engine_MaterialFunctions02/Math/Transform3x3Matrix.uexp" 717
"../../../Engine/Plugins/Interchange/Runtime/Content/gltf/MaterialFunctions/MF_RotateNormals_TS.uasset" 718
"../../../Engine/Plugins/Interchange/Runtime/Content/gltf/MaterialFunctions/MF_RotateNormals_TS.uexp" 719
"../../../Engine/Plugins/Interchange/Runtime/Content/gltf/Textures/T_Generic_N.uasset" 720
"../../../Engine/Plugins/Interchange/Runtime/Content/gltf/Textures/T_Generic_N.uexp" 721
"../../../Engine/Plugins/Interchange/Runtime/Content/gltf/MaterialFunctions/MF_Normals.uasset" 722
"../../../Engine/Plugins/Interchange/Runtime/Content/gltf/MaterialFunctions/MF_Normals.uexp" 723
"../../../Engine/Plugins/Interchange/Runtime/Content/gltf/MaterialFunctions/MF_PerceivedBrightness.uasset" 724
"../../../Engine/Plugins/Interchange/Runtime/Content/gltf/MaterialFunctions/MF_PerceivedBrightness.uexp" 725
"../../../Engine/Plugins/Interchange/Runtime/Content/gltf/MaterialFunctions/MF_SpecGlossToMetalRoughness.uasset" 726
"../../../Engine/Plugins/Interchange/Runtime/Content/gltf/MaterialFunctions/MF_SpecGlossToMetalRoughness.uexp" 727
"../../../Engine/Plugins/Interchange/Runtime/Content/gltf/M_Transmission.uasset" 728
"../../../Engine/Plugins/Interchange/Runtime/Content/gltf/M_Transmission.uexp" 729
"../../../Engine/Plugins/Interchange/Runtime/Content/gltf/MaterialInstances_MR/MI_Transmission_TS.uasset" 730
"../../../Engine/Plugins/Interchange/Runtime/Content/gltf/MaterialInstances_MR/MI_Transmission_TS.uexp" 731
"../../../Engine/Plugins/Interchange/Runtime/Content/gltf/MaterialInstances_MR/MI_Transmission.uasset" 732
"../../../Engine/Plugins/Interchange/Runtime/Content/gltf/MaterialInstances_MR/MI_Transmission.uexp" 733
"../../../Engine/Plugins/Interchange/Runtime/Content/gltf/MaterialFunctions/MF_Clearcoat.uasset" 734
"../../../Engine/Plugins/Interchange/Runtime/Content/gltf/MaterialFunctions/MF_Clearcoat.uexp" 735
"../../../Engine/Plugins/Interchange/Runtime/Content/gltf/MaterialFunctions/MF_Emissive.uasset" 736
"../../../Engine/Plugins/Interchange/Runtime/Content/gltf/MaterialFunctions/MF_Emissive.uexp" 737
"../../../Engine/Plugins/Interchange/Runtime/Content/gltf/M_Translucent.uasset" 738
"../../../Engine/Plugins/Interchange/Runtime/Content/gltf/M_Translucent.uexp" 739
"../../../Engine/Plugins/Interchange/Runtime/Content/gltf/MaterialInstances_MR/MI_Translucent_TS.uasset" 740
"../../../Engine/Plugins/Interchange/Runtime/Content/gltf/MaterialInstances_MR/MI_Translucent_TS.uexp" 741
"../../../Engine/Plugins/Interchange/Runtime/Content/gltf/MaterialInstances_MR/MI_Translucent_ClearCoat_TS.uasset" 742
"../../../Engine/Plugins/Interchange/Runtime/Content/gltf/MaterialInstances_MR/MI_Translucent_ClearCoat_TS.uexp" 743
"../../../Engine/Plugins/Interchange/Runtime/Content/gltf/MaterialInstances_MR/MI_Translucent_ClearCoat.uasset" 744
"../../../Engine/Plugins/Interchange/Runtime/Content/gltf/MaterialInstances_MR/MI_Translucent_ClearCoat.uexp" 745
"../../../Engine/Plugins/Interchange/Runtime/Content/gltf/MaterialInstances_MR/MI_Translucent.uasset" 746
"../../../Engine/Plugins/Interchange/Runtime/Content/gltf/MaterialInstances_MR/MI_Translucent.uexp" 747
"../../../Engine/Plugins/Interchange/Runtime/Content/gltf/M_Unlit.uasset" 748
"../../../Engine/Plugins/Interchange/Runtime/Content/gltf/M_Unlit.uexp" 749
"../../../Engine/Plugins/Interchange/Runtime/Content/gltf/MaterialInstances_MR/MI_Opaque_Unlit_TS.uasset" 750
"../../../Engine/Plugins/Interchange/Runtime/Content/gltf/MaterialInstances_MR/MI_Opaque_Unlit_TS.uexp" 751
"../../../Engine/Plugins/Interchange/Runtime/Content/gltf/MaterialInstances_MR/MI_Opaque_Unlit.uasset" 752
"../../../Engine/Plugins/Interchange/Runtime/Content/gltf/MaterialInstances_MR/MI_Opaque_Unlit.uexp" 753
"../../../Engine/Plugins/Interchange/Runtime/Content/gltf/M_Opaque.uasset" 754
"../../../Engine/Plugins/Interchange/Runtime/Content/gltf/M_Opaque.uexp" 755
"../../../Engine/Plugins/Interchange/Runtime/Content/gltf/MaterialInstances_MR/MI_Opaque_TS.uasset" 756
"../../../Engine/Plugins/Interchange/Runtime/Content/gltf/MaterialInstances_MR/MI_Opaque_TS.uexp" 757
"../../../Engine/Plugins/Interchange/Runtime/Content/gltf/MaterialFunctions/MF_Sheen.uasset" 758
"../../../Engine/Plugins/Interchange/Runtime/Content/gltf/MaterialFunctions/MF_Sheen.uexp" 759
"../../../Engine/Content/Functions/Engine_MaterialFunctions01/Shading/FuzzyShading.uasset" 760
"../../../Engine/Content/Functions/Engine_MaterialFunctions01/Shading/FuzzyShading.uexp" 761
"../../../Engine/Plugins/Interchange/Runtime/Content/gltf/M_Sheen.uasset" 762
"../../../Engine/Plugins/Interchange/Runtime/Content/gltf/M_Sheen.uexp" 763
"../../../Engine/Plugins/Interchange/Runtime/Content/gltf/MaterialInstances_MR/MI_Opaque_Sheen_TS.uasset" 764
"../../../Engine/Plugins/Interchange/Runtime/Content/gltf/MaterialInstances_MR/MI_Opaque_Sheen_TS.uexp" 765
"../../../Engine/Plugins/Interchange/Runtime/Content/gltf/MaterialInstances_MR/MI_Opaque_Sheen.uasset" 766
"../../../Engine/Plugins/Interchange/Runtime/Content/gltf/MaterialInstances_MR/MI_Opaque_Sheen.uexp" 767
"../../../Engine/Plugins/Interchange/Runtime/Content/gltf/MaterialInstances_MR/MI_Opaque_ClearCoat_TS.uasset" 768
"../../../Engine/Plugins/Interchange/Runtime/Content/gltf/MaterialInstances_MR/MI_Opaque_ClearCoat_TS.uexp" 769
"../../../Engine/Plugins/Interchange/Runtime/Content/gltf/MaterialInstances_MR/MI_Opaque_ClearCoat.uasset" 770
"../../../Engine/Plugins/Interchange/Runtime/Content/gltf/MaterialInstances_MR/MI_Opaque_ClearCoat.uexp" 771
"../../../Engine/Plugins/Interchange/Runtime/Content/gltf/MaterialInstances_MR/MI_Opaque.uasset" 772
"../../../Engine/Plugins/Interchange/Runtime/Content/gltf/MaterialInstances_MR/MI_Opaque.uexp" 773
"../../../Engine/Plugins/Interchange/Runtime/Content/gltf/MaterialInstances_SG/MI_Transmission_TS.uasset" 774
"../../../Engine/Plugins/Interchange/Runtime/Content/gltf/MaterialInstances_SG/MI_Transmission_TS.uexp" 775
"../../../Engine/Plugins/Interchange/Runtime/Content/gltf/MaterialInstances_SG/MI_Transmission.uasset" 776
"../../../Engine/Plugins/Interchange/Runtime/Content/gltf/MaterialInstances_SG/MI_Transmission.uexp" 777
"../../../Engine/Plugins/Interchange/Runtime/Content/gltf/MaterialInstances_SG/MI_Translucent_TS.uasset" 778
"../../../Engine/Plugins/Interchange/Runtime/Content/gltf/MaterialInstances_SG/MI_Translucent_TS.uexp" 779
"../../../Engine/Plugins/Interchange/Runtime/Content/gltf/MaterialInstances_SG/MI_Translucent_ClearCoat_TS.uasset" 780
"../../../Engine/Plugins/Interchange/Runtime/Content/gltf/MaterialInstances_SG/MI_Translucent_ClearCoat_TS.uexp" 781
"../../../Engine/Plugins/Interchange/Runtime/Content/gltf/MaterialInstances_SG/MI_Translucent_ClearCoat.uasset" 782
"../../../Engine/Plugins/Interchange/Runtime/Content/gltf/MaterialInstances_SG/MI_Translucent_ClearCoat.uexp" 783
"../../../Engine/Plugins/Interchange/Runtime/Content/gltf/MaterialInstances_SG/MI_Translucent.uasset" 784
"../../../Engine/Plugins/Interchange/Runtime/Content/gltf/MaterialInstances_SG/MI_Translucent.uexp" 785
"../../../Engine/Plugins/Interchange/Runtime/Content/gltf/MaterialInstances_SG/MI_Opaque_TS.uasset" 786
"../../../Engine/Plugins/Interchange/Runtime/Content/gltf/MaterialInstances_SG/MI_Opaque_TS.uexp" 787
"../../../Engine/Plugins/Interchange/Runtime/Content/gltf/MaterialInstances_SG/MI_Opaque_Sheen_TS.uasset" 788
"../../../Engine/Plugins/Interchange/Runtime/Content/gltf/MaterialInstances_SG/MI_Opaque_Sheen_TS.uexp" 789
"../../../Engine/Plugins/Interchange/Runtime/Content/gltf/MaterialInstances_SG/MI_Opaque_Sheen.uasset" 790
"../../../Engine/Plugins/Interchange/Runtime/Content/gltf/MaterialInstances_SG/MI_Opaque_Sheen.uexp" 791
"../../../Engine/Plugins/Interchange/Runtime/Content/gltf/MaterialInstances_SG/MI_Opaque_ClearCoat_TS.uasset" 792
"../../../Engine/Plugins/Interchange/Runtime/Content/gltf/MaterialInstances_SG/MI_Opaque_ClearCoat_TS.uexp" 793
"../../../Engine/Plugins/Interchange/Runtime/Content/gltf/MaterialInstances_SG/MI_Opaque_ClearCoat.uasset" 794
"../../../Engine/Plugins/Interchange/Runtime/Content/gltf/MaterialInstances_SG/MI_Opaque_ClearCoat.uexp" 795
"../../../Engine/Plugins/Interchange/Runtime/Content/gltf/MaterialInstances_SG/MI_Opaque.uasset" 796
"../../../Engine/Plugins/Interchange/Runtime/Content/gltf/MaterialInstances_SG/MI_Opaque.uexp" 797
"../../../Engine/Plugins/Interchange/Runtime/Content/gltf/Textures/T_Gray_Linear.uasset" 798
"../../../Engine/Plugins/Interchange/Runtime/Content/gltf/Textures/T_Gray_Linear.uexp" 799
"../../../Engine/Plugins/Interchange/Runtime/Content/gltf/Textures/T_Black_srgb.uasset" 800
"../../../Engine/Plugins/Interchange/Runtime/Content/gltf/Textures/T_Black_srgb.uexp" 801
"../../../Engine/Plugins/Interchange/Runtime/Content/Materials/UnlitMaterial.uasset" 802
"../../../Engine/Plugins/Interchange/Runtime/Content/Materials/UnlitMaterial.uexp" 803
"../../../Engine/Content/EngineMaterials/DefaultNormal.ubulk" 804
"../../../Engine/Content/EngineMaterials/DefaultNormal.uasset" 805
"../../../Engine/Content/EngineMaterials/DefaultNormal.uexp" 806
"../../../Engine/Plugins/Interchange/Runtime/Content/Materials/MapOrScalarFunction.uasset" 807
"../../../Engine/Plugins/Interchange/Runtime/Content/Materials/MapOrScalarFunction.uexp" 808
"../../../Engine/Plugins/Interchange/Runtime/Content/Materials/MapOrLinearColorFunction.uasset" 809
"../../../Engine/Plugins/Interchange/Runtime/Content/Materials/MapOrLinearColorFunction.uexp" 810
"../../../Engine/Plugins/Interchange/Runtime/Content/Materials/MapOrColorFunction.uasset" 811
"../../../Engine/Plugins/Interchange/Runtime/Content/Materials/MapOrColorFunction.uexp" 812
"../../../Engine/Plugins/Interchange/Runtime/Content/Materials/CommonMaterial.uasset" 813
"../../../Engine/Plugins/Interchange/Runtime/Content/Materials/CommonMaterial.uexp" 814
"../../../Engine/Plugins/Interchange/Runtime/Content/Materials/PBRSurfaceFunction.uasset" 815
"../../../Engine/Plugins/Interchange/Runtime/Content/Materials/PBRSurfaceFunction.uexp" 816
"../../../Engine/Plugins/Interchange/Runtime/Content/Materials/ThinTranslucentMaterial.uasset" 817
"../../../Engine/Plugins/Interchange/Runtime/Content/Materials/ThinTranslucentMaterial.uexp" 818
"../../../Engine/Plugins/Interchange/Runtime/Content/Materials/SubsurfaceMaterial.uasset" 819
"../../../Engine/Plugins/Interchange/Runtime/Content/Materials/SubsurfaceMaterial.uexp" 820
"../../../Engine/Plugins/Interchange/Runtime/Content/Materials/SheenMaterial.uasset" 821
"../../../Engine/Plugins/Interchange/Runtime/Content/Materials/SheenMaterial.uexp" 822
"../../../Engine/Content/Functions/Engine_MaterialFunctions01/Shading/ConvertFromDiffSpec.uasset" 823
"../../../Engine/Content/Functions/Engine_MaterialFunctions01/Shading/ConvertFromDiffSpec.uexp" 824
"../../../Engine/Plugins/Interchange/Runtime/Content/Materials/PhongSurfaceMaterial.uasset" 825
"../../../Engine/Plugins/Interchange/Runtime/Content/Materials/PhongSurfaceMaterial.uexp" 826
"../../../Engine/Plugins/Interchange/Runtime/Content/Materials/PBRSurfaceMaterial.uasset" 827
"../../../Engine/Plugins/Interchange/Runtime/Content/Materials/PBRSurfaceMaterial.uexp" 828
"../../../Engine/Content/EngineMaterials/FlatNormal.uasset" 829
"../../../Engine/Content/EngineMaterials/FlatNormal.uexp" 830
"../../../Engine/Content/EditorLandscapeResources/WhiteSquareTexture.uasset" 831
"../../../Engine/Content/EditorLandscapeResources/WhiteSquareTexture.uexp" 832
"../../../Engine/Plugins/Interchange/Runtime/Content/Materials/OrenNayerMaterial.uasset" 833
"../../../Engine/Plugins/Interchange/Runtime/Content/Materials/OrenNayerMaterial.uexp" 834
"../../../Engine/Plugins/Interchange/Runtime/Content/Materials/LambertSurfaceMaterial.uasset" 835
"../../../Engine/Plugins/Interchange/Runtime/Content/Materials/LambertSurfaceMaterial.uexp" 836
"../../../Engine/Plugins/Interchange/Runtime/Content/Materials/ClearCoatMaterial.uasset" 837
"../../../Engine/Plugins/Interchange/Runtime/Content/Materials/ClearCoatMaterial.uexp" 838
"../../../Engine/Plugins/Interchange/Runtime/Content/Pipelines/DefaultTexturePipeline.uasset" 839
"../../../Engine/Plugins/Interchange/Runtime/Content/Pipelines/DefaultTexturePipeline.uexp" 840
"../../../Engine/Plugins/Interchange/Runtime/Content/Pipelines/DefaultSceneLevelPipeline.uasset" 841
"../../../Engine/Plugins/Interchange/Runtime/Content/Pipelines/DefaultSceneLevelPipeline.uexp" 842
"../../../Engine/Plugins/Interchange/Runtime/Content/Pipelines/DefaultSceneAssetsPipeline.uasset" 843
"../../../Engine/Plugins/Interchange/Runtime/Content/Pipelines/DefaultSceneAssetsPipeline.uexp" 844
"../../../Engine/Plugins/Interchange/Runtime/Content/Pipelines/DefaultMaterialPipeline.uasset" 845
"../../../Engine/Plugins/Interchange/Runtime/Content/Pipelines/DefaultMaterialPipeline.uexp" 846
"../../../Engine/Plugins/Interchange/Runtime/Content/Pipelines/DefaultAssetsPipeline.uasset" 847
"../../../Engine/Plugins/Interchange/Runtime/Content/Pipelines/DefaultAssetsPipeline.uexp" 848
"../../../Engine/Content/Maps/Entry_BuiltData.uasset" 849
"../../../Engine/Content/Maps/Entry_BuiltData.uexp" 850
"../../../Engine/Content/Maps/Entry.uexp" 851
"../../../Engine/Content/Maps/Entry.umap" 852
"../../../Engine/Content/BasicShapes/Cube.ubulk" 853
"../../../Engine/Content/BasicShapes/Cube.uasset" 854
"../../../Engine/Content/BasicShapes/Cube.uexp" 855
"C:/Users/theme/OneDrive/Documentos/Unreal Projects/SpaceHarvest/Content/Cenas/Obidos_BuiltData.ubulk" 856
"C:/Users/theme/OneDrive/Documentos/Unreal Projects/SpaceHarvest/Content/Cenas/Obidos_BuiltData.uasset" 857
"C:/Users/theme/OneDrive/Documentos/Unreal Projects/SpaceHarvest/Content/Cenas/Obidos_BuiltData.uexp" 858
"../../../Engine/Content/BasicShapes/BasicShapeMaterial.uasset" 859
"../../../Engine/Content/BasicShapes/BasicShapeMaterial.uexp" 860
"C:/Users/theme/OneDrive/Documentos/Unreal Projects/SpaceHarvest/Content/Musica/Musica_final_OGG.ubulk" 861
"C:/Users/theme/OneDrive/Documentos/Unreal Projects/SpaceHarvest/Content/Musica/Musica_final_OGG.uasset" 862
"C:/Users/theme/OneDrive/Documentos/Unreal Projects/SpaceHarvest/Content/Musica/Musica_final_OGG.uexp" 863
"C:/Users/theme/OneDrive/Documentos/Unreal Projects/SpaceHarvest/Content/Sprites/BG.uasset" 864
"C:/Users/theme/OneDrive/Documentos/Unreal Projects/SpaceHarvest/Content/Sprites/BG.uexp" 865
"C:/Users/theme/OneDrive/Documentos/Unreal Projects/SpaceHarvest/Content/Sprites/BG_Sprite.uasset" 866
"C:/Users/theme/OneDrive/Documentos/Unreal Projects/SpaceHarvest/Content/Sprites/BG_Sprite.uexp" 867
"C:/Users/theme/OneDrive/Documentos/Unreal Projects/SpaceHarvest/Content/Cenas/Obidos.uexp" 868
"C:/Users/theme/OneDrive/Documentos/Unreal Projects/SpaceHarvest/Content/Cenas/Obidos.umap" 869
